2025-05-29 10:59:06,550 - INFO - patching driver executable /home/runner/.local/share/undetected_chromedriver/undetected_chromedriver
2025-05-29 10:59:25,985 - INFO - Logging into Dice...
2025-05-29 10:59:32,511 - INFO - Login successful.
2025-05-29 10:59:34,454 - INFO - [INFO] Will attempt 65 job(s) this run (target 65, available 65)
2025-05-29 10:59:48,155 - INFO - SKIPPED (already applied): Data Analyst - https://www.dice.com/job-detail/902d364b-b902-4e85-8e41-2689ae764b24
2025-05-29 10:59:48,155 - WARNING - Could not check application status for Data Analyst — local variable 'SKIPPED' referenced before assignment
2025-05-29 11:00:00,527 - ERROR - [ERROR] Cannot click first NEXT button for Data Analyst: Message: 
Stacktrace:
#0 0x55a52acb571a <unknown>
#1 0x55a52a7580a0 <unknown>
#2 0x55a52a7a99b0 <unknown>
#3 0x55a52a7a9ba1 <unknown>
#4 0x55a52a7f7ea4 <unknown>
#5 0x55a52a7cf3cd <unknown>
#6 0x55a52a7f52a0 <unknown>
#7 0x55a52a7cf173 <unknown>
#8 0x55a52a79bd4b <unknown>
#9 0x55a52a79c9b1 <unknown>
#10 0x55a52ac7a8cb <unknown>
#11 0x55a52ac7e7ca <unknown>
#12 0x55a52ac62622 <unknown>
#13 0x55a52ac7f354 <unknown>
#14 0x55a52ac4745f <unknown>
#15 0x55a52aca34f8 <unknown>
#16 0x55a52aca36d6 <unknown>
#17 0x55a52acb4586 <unknown>
#18 0x7fd7d749caa4 <unknown>
#19 0x7fd7d7529c3c <unknown>

2025-05-29 11:00:14,786 - INFO - SKIPPED (already applied): Data Analyst - ONSITE - https://www.dice.com/job-detail/ab03afa5-6db0-41d0-9e13-fe6d8c202eb6
2025-05-29 11:00:14,786 - WARNING - Could not check application status for Data Analyst - ONSITE — local variable 'SKIPPED' referenced before assignment
2025-05-29 11:00:27,154 - ERROR - [ERROR] Cannot click first NEXT button for Data Analyst - ONSITE: Message: 
Stacktrace:
#0 0x55a52acb571a <unknown>
#1 0x55a52a7580a0 <unknown>
#2 0x55a52a7a99b0 <unknown>
#3 0x55a52a7a9ba1 <unknown>
#4 0x55a52a7f7ea4 <unknown>
#5 0x55a52a7cf3cd <unknown>
#6 0x55a52a7f52a0 <unknown>
#7 0x55a52a7cf173 <unknown>
#8 0x55a52a79bd4b <unknown>
#9 0x55a52a79c9b1 <unknown>
#10 0x55a52ac7a8cb <unknown>
#11 0x55a52ac7e7ca <unknown>
#12 0x55a52ac62622 <unknown>
#13 0x55a52ac7f354 <unknown>
#14 0x55a52ac4745f <unknown>
#15 0x55a52aca34f8 <unknown>
#16 0x55a52aca36d6 <unknown>
#17 0x55a52acb4586 <unknown>
#18 0x7fd7d749caa4 <unknown>
#19 0x7fd7d7529c3c <unknown>

2025-05-29 11:00:42,851 - INFO - SKIPPED (already applied): Machine Learning Performance Engineer - CUDA - https://www.dice.com/job-detail/2a0825e5-f802-447d-aa98-100583b2d050
2025-05-29 11:00:42,851 - WARNING - Could not check application status for Machine Learning Performance Engineer - CUDA — local variable 'SKIPPED' referenced before assignment
2025-05-29 11:00:55,220 - ERROR - [ERROR] Cannot click first NEXT button for Machine Learning Performance Engineer - CUDA: Message: 
Stacktrace:
#0 0x55a52acb571a <unknown>
#1 0x55a52a7580a0 <unknown>
#2 0x55a52a7a99b0 <unknown>
#3 0x55a52a7a9ba1 <unknown>
#4 0x55a52a7f7ea4 <unknown>
#5 0x55a52a7cf3cd <unknown>
#6 0x55a52a7f52a0 <unknown>
#7 0x55a52a7cf173 <unknown>
#8 0x55a52a79bd4b <unknown>
#9 0x55a52a79c9b1 <unknown>
#10 0x55a52ac7a8cb <unknown>
#11 0x55a52ac7e7ca <unknown>
#12 0x55a52ac62622 <unknown>
#13 0x55a52ac7f354 <unknown>
#14 0x55a52ac4745f <unknown>
#15 0x55a52aca34f8 <unknown>
#16 0x55a52aca36d6 <unknown>
#17 0x55a52acb4586 <unknown>
#18 0x7fd7d749caa4 <unknown>
#19 0x7fd7d7529c3c <unknown>

2025-05-29 11:01:12,971 - WARNING - Could not check application status for Computer Vision Engineer - Newark, CA (Onsite) — Message: no such element: Unable to locate element: {"method":"tag name","selector":"apply-button-wc"}
  (Session info: chrome=136.0.7103.92); For documentation on this error, please visit: https://www.selenium.dev/documentation/webdriver/troubleshooting/errors#no-such-element-exception
Stacktrace:
#0 0x55a52acb571a <unknown>
#1 0x55a52a7580a0 <unknown>
#2 0x55a52a7a99b0 <unknown>
#3 0x55a52a7a9ba1 <unknown>
#4 0x55a52a7f7ea4 <unknown>
#5 0x55a52a7cf3cd <unknown>
#6 0x55a52a7f52a0 <unknown>
#7 0x55a52a7cf173 <unknown>
#8 0x55a52a79bd4b <unknown>
#9 0x55a52a79c9b1 <unknown>
#10 0x55a52ac7a8cb <unknown>
#11 0x55a52ac7e7ca <unknown>
#12 0x55a52ac62622 <unknown>
#13 0x55a52ac7f354 <unknown>
#14 0x55a52ac4745f <unknown>
#15 0x55a52aca34f8 <unknown>
#16 0x55a52aca36d6 <unknown>
#17 0x55a52acb4586 <unknown>
#18 0x7fd7d749caa4 <unknown>
#19 0x7fd7d7529c3c <unknown>

2025-05-29 11:01:18,140 - ERROR - Cannot click apply-button-wc for Computer Vision Engineer - Newark, CA (Onsite): Message: 
Stacktrace:
#0 0x55a52acb571a <unknown>
#1 0x55a52a7580a0 <unknown>
#2 0x55a52a7a99b0 <unknown>
#3 0x55a52a7a9ba1 <unknown>
#4 0x55a52a7f7ea4 <unknown>
#5 0x55a52a7cf3cd <unknown>
#6 0x55a52a7f52a0 <unknown>
#7 0x55a52a7cf173 <unknown>
#8 0x55a52a79bd4b <unknown>
#9 0x55a52a79c9b1 <unknown>
#10 0x55a52ac7a8cb <unknown>
#11 0x55a52ac7e7ca <unknown>
#12 0x55a52ac62622 <unknown>
#13 0x55a52ac7f354 <unknown>
#14 0x55a52ac4745f <unknown>
#15 0x55a52aca34f8 <unknown>
#16 0x55a52aca36d6 <unknown>
#17 0x55a52acb4586 <unknown>
#18 0x7fd7d749caa4 <unknown>
#19 0x7fd7d7529c3c <unknown>

2025-05-29 11:01:35,000 - WARNING - Could not check application status for Data Engineer with Data scientist — Message: no such element: Unable to locate element: {"method":"tag name","selector":"apply-button-wc"}
  (Session info: chrome=136.0.7103.92); For documentation on this error, please visit: https://www.selenium.dev/documentation/webdriver/troubleshooting/errors#no-such-element-exception
Stacktrace:
#0 0x55a52acb571a <unknown>
#1 0x55a52a7580a0 <unknown>
#2 0x55a52a7a99b0 <unknown>
#3 0x55a52a7a9ba1 <unknown>
#4 0x55a52a7f7ea4 <unknown>
#5 0x55a52a7cf3cd <unknown>
#6 0x55a52a7f52a0 <unknown>
#7 0x55a52a7cf173 <unknown>
#8 0x55a52a79bd4b <unknown>
#9 0x55a52a79c9b1 <unknown>
#10 0x55a52ac7a8cb <unknown>
#11 0x55a52ac7e7ca <unknown>
#12 0x55a52ac62622 <unknown>
#13 0x55a52ac7f354 <unknown>
#14 0x55a52ac4745f <unknown>
#15 0x55a52aca34f8 <unknown>
#16 0x55a52aca36d6 <unknown>
#17 0x55a52acb4586 <unknown>
#18 0x7fd7d749caa4 <unknown>
#19 0x7fd7d7529c3c <unknown>

2025-05-29 11:01:40,176 - ERROR - Cannot click apply-button-wc for Data Engineer with Data scientist: Message: 
Stacktrace:
#0 0x55a52acb571a <unknown>
#1 0x55a52a7580a0 <unknown>
#2 0x55a52a7a99b0 <unknown>
#3 0x55a52a7a9ba1 <unknown>
#4 0x55a52a7f7ea4 <unknown>
#5 0x55a52a7cf3cd <unknown>
#6 0x55a52a7f52a0 <unknown>
#7 0x55a52a7cf173 <unknown>
#8 0x55a52a79bd4b <unknown>
#9 0x55a52a79c9b1 <unknown>
#10 0x55a52ac7a8cb <unknown>
#11 0x55a52ac7e7ca <unknown>
#12 0x55a52ac62622 <unknown>
#13 0x55a52ac7f354 <unknown>
#14 0x55a52ac4745f <unknown>
#15 0x55a52aca34f8 <unknown>
#16 0x55a52aca36d6 <unknown>
#17 0x55a52acb4586 <unknown>
#18 0x7fd7d749caa4 <unknown>
#19 0x7fd7d7529c3c <unknown>

2025-05-29 11:01:56,599 - INFO - SKIPPED (already applied): Generative AI Engineer - https://www.dice.com/job-detail/8fe81649-5829-4f97-97d4-95960676ef06
2025-05-29 11:01:56,599 - WARNING - Could not check application status for Generative AI Engineer — local variable 'SKIPPED' referenced before assignment
2025-05-29 11:02:08,985 - ERROR - [ERROR] Cannot click first NEXT button for Generative AI Engineer: Message: 
Stacktrace:
#0 0x55a52acb571a <unknown>
#1 0x55a52a7580a0 <unknown>
#2 0x55a52a7a99b0 <unknown>
#3 0x55a52a7a9ba1 <unknown>
#4 0x55a52a7f7ea4 <unknown>
#5 0x55a52a7cf3cd <unknown>
#6 0x55a52a7f52a0 <unknown>
#7 0x55a52a7cf173 <unknown>
#8 0x55a52a79bd4b <unknown>
#9 0x55a52a79c9b1 <unknown>
#10 0x55a52ac7a8cb <unknown>
#11 0x55a52ac7e7ca <unknown>
#12 0x55a52ac62622 <unknown>
#13 0x55a52ac7f354 <unknown>
#14 0x55a52ac4745f <unknown>
#15 0x55a52aca34f8 <unknown>
#16 0x55a52aca36d6 <unknown>
#17 0x55a52acb4586 <unknown>
#18 0x7fd7d749caa4 <unknown>
#19 0x7fd7d7529c3c <unknown>

2025-05-29 11:02:22,151 - WARNING - Could not check application status for AI/ML Data Analysis — Message: no such element: Unable to locate element: {"method":"tag name","selector":"apply-button-wc"}
  (Session info: chrome=136.0.7103.92); For documentation on this error, please visit: https://www.selenium.dev/documentation/webdriver/troubleshooting/errors#no-such-element-exception
Stacktrace:
#0 0x55a52acb571a <unknown>
#1 0x55a52a7580a0 <unknown>
#2 0x55a52a7a99b0 <unknown>
#3 0x55a52a7a9ba1 <unknown>
#4 0x55a52a7f7ea4 <unknown>
#5 0x55a52a7cf3cd <unknown>
#6 0x55a52a7f52a0 <unknown>
#7 0x55a52a7cf173 <unknown>
#8 0x55a52a79bd4b <unknown>
#9 0x55a52a79c9b1 <unknown>
#10 0x55a52ac7a8cb <unknown>
#11 0x55a52ac7e7ca <unknown>
#12 0x55a52ac62622 <unknown>
#13 0x55a52ac7f354 <unknown>
#14 0x55a52ac4745f <unknown>
#15 0x55a52aca34f8 <unknown>
#16 0x55a52aca36d6 <unknown>
#17 0x55a52acb4586 <unknown>
#18 0x7fd7d749caa4 <unknown>
#19 0x7fd7d7529c3c <unknown>

2025-05-29 11:02:27,349 - ERROR - Cannot click apply-button-wc for AI/ML Data Analysis: Message: 
Stacktrace:
#0 0x55a52acb571a <unknown>
#1 0x55a52a7580a0 <unknown>
#2 0x55a52a7a99b0 <unknown>
#3 0x55a52a7a9ba1 <unknown>
#4 0x55a52a7f7ea4 <unknown>
#5 0x55a52a7cf3cd <unknown>
#6 0x55a52a7f52a0 <unknown>
#7 0x55a52a7cf173 <unknown>
#8 0x55a52a79bd4b <unknown>
#9 0x55a52a79c9b1 <unknown>
#10 0x55a52ac7a8cb <unknown>
#11 0x55a52ac7e7ca <unknown>
#12 0x55a52ac62622 <unknown>
#13 0x55a52ac7f354 <unknown>
#14 0x55a52ac4745f <unknown>
#15 0x55a52aca34f8 <unknown>
#16 0x55a52aca36d6 <unknown>
#17 0x55a52acb4586 <unknown>
#18 0x7fd7d749caa4 <unknown>
#19 0x7fd7d7529c3c <unknown>

2025-05-29 11:02:41,048 - INFO - SKIPPED (already applied): Senior Developer (LLM Implementation Focus) - https://www.dice.com/job-detail/8c18b0c2-d6fd-4f7b-bf72-bb0d40bcfd50
2025-05-29 11:02:41,048 - WARNING - Could not check application status for Senior Developer (LLM Implementation Focus) — local variable 'SKIPPED' referenced before assignment
2025-05-29 11:02:53,447 - ERROR - [ERROR] Cannot click first NEXT button for Senior Developer (LLM Implementation Focus): Message: 
Stacktrace:
#0 0x55a52acb571a <unknown>
#1 0x55a52a7580a0 <unknown>
#2 0x55a52a7a99b0 <unknown>
#3 0x55a52a7a9ba1 <unknown>
#4 0x55a52a7f7ea4 <unknown>
#5 0x55a52a7cf3cd <unknown>
#6 0x55a52a7f52a0 <unknown>
#7 0x55a52a7cf173 <unknown>
#8 0x55a52a79bd4b <unknown>
#9 0x55a52a79c9b1 <unknown>
#10 0x55a52ac7a8cb <unknown>
#11 0x55a52ac7e7ca <unknown>
#12 0x55a52ac62622 <unknown>
#13 0x55a52ac7f354 <unknown>
#14 0x55a52ac4745f <unknown>
#15 0x55a52aca34f8 <unknown>
#16 0x55a52aca36d6 <unknown>
#17 0x55a52acb4586 <unknown>
#18 0x7fd7d749caa4 <unknown>
#19 0x7fd7d7529c3c <unknown>

2025-05-29 11:03:11,054 - WARNING - Could not check application status for Data Scientist — Message: no such element: Unable to locate element: {"method":"tag name","selector":"apply-button-wc"}
  (Session info: chrome=136.0.7103.92); For documentation on this error, please visit: https://www.selenium.dev/documentation/webdriver/troubleshooting/errors#no-such-element-exception
Stacktrace:
#0 0x55a52acb571a <unknown>
#1 0x55a52a7580a0 <unknown>
#2 0x55a52a7a99b0 <unknown>
#3 0x55a52a7a9ba1 <unknown>
#4 0x55a52a7f7ea4 <unknown>
#5 0x55a52a7cf3cd <unknown>
#6 0x55a52a7f52a0 <unknown>
#7 0x55a52a7cf173 <unknown>
#8 0x55a52a79bd4b <unknown>
#9 0x55a52a79c9b1 <unknown>
#10 0x55a52ac7a8cb <unknown>
#11 0x55a52ac7e7ca <unknown>
#12 0x55a52ac62622 <unknown>
#13 0x55a52ac7f354 <unknown>
#14 0x55a52ac4745f <unknown>
#15 0x55a52aca34f8 <unknown>
#16 0x55a52aca36d6 <unknown>
#17 0x55a52acb4586 <unknown>
#18 0x7fd7d749caa4 <unknown>
#19 0x7fd7d7529c3c <unknown>

2025-05-29 11:03:16,280 - ERROR - Cannot click apply-button-wc for Data Scientist: Message: 
Stacktrace:
#0 0x55a52acb571a <unknown>
#1 0x55a52a7580a0 <unknown>
#2 0x55a52a7a99b0 <unknown>
#3 0x55a52a7a9ba1 <unknown>
#4 0x55a52a7f7ea4 <unknown>
#5 0x55a52a7cf3cd <unknown>
#6 0x55a52a7f52a0 <unknown>
#7 0x55a52a7cf173 <unknown>
#8 0x55a52a79bd4b <unknown>
#9 0x55a52a79c9b1 <unknown>
#10 0x55a52ac7a8cb <unknown>
#11 0x55a52ac7e7ca <unknown>
#12 0x55a52ac62622 <unknown>
#13 0x55a52ac7f354 <unknown>
#14 0x55a52ac4745f <unknown>
#15 0x55a52aca34f8 <unknown>
#16 0x55a52aca36d6 <unknown>
#17 0x55a52acb4586 <unknown>
#18 0x7fd7d749caa4 <unknown>
#19 0x7fd7d7529c3c <unknown>

2025-05-29 11:03:35,253 - WARNING - Could not check application status for Data scientist With AI — Message: no such element: Unable to locate element: {"method":"tag name","selector":"apply-button-wc"}
  (Session info: chrome=136.0.7103.92); For documentation on this error, please visit: https://www.selenium.dev/documentation/webdriver/troubleshooting/errors#no-such-element-exception
Stacktrace:
#0 0x55a52acb571a <unknown>
#1 0x55a52a7580a0 <unknown>
#2 0x55a52a7a99b0 <unknown>
#3 0x55a52a7a9ba1 <unknown>
#4 0x55a52a7f7ea4 <unknown>
#5 0x55a52a7cf3cd <unknown>
#6 0x55a52a7f52a0 <unknown>
#7 0x55a52a7cf173 <unknown>
#8 0x55a52a79bd4b <unknown>
#9 0x55a52a79c9b1 <unknown>
#10 0x55a52ac7a8cb <unknown>
#11 0x55a52ac7e7ca <unknown>
#12 0x55a52ac62622 <unknown>
#13 0x55a52ac7f354 <unknown>
#14 0x55a52ac4745f <unknown>
#15 0x55a52aca34f8 <unknown>
#16 0x55a52aca36d6 <unknown>
#17 0x55a52acb4586 <unknown>
#18 0x7fd7d749caa4 <unknown>
#19 0x7fd7d7529c3c <unknown>

2025-05-29 11:03:40,419 - ERROR - Cannot click apply-button-wc for Data scientist With AI: Message: 
Stacktrace:
#0 0x55a52acb571a <unknown>
#1 0x55a52a7580a0 <unknown>
#2 0x55a52a7a99b0 <unknown>
#3 0x55a52a7a9ba1 <unknown>
#4 0x55a52a7f7ea4 <unknown>
#5 0x55a52a7cf3cd <unknown>
#6 0x55a52a7f52a0 <unknown>
#7 0x55a52a7cf173 <unknown>
#8 0x55a52a79bd4b <unknown>
#9 0x55a52a79c9b1 <unknown>
#10 0x55a52ac7a8cb <unknown>
#11 0x55a52ac7e7ca <unknown>
#12 0x55a52ac62622 <unknown>
#13 0x55a52ac7f354 <unknown>
#14 0x55a52ac4745f <unknown>
#15 0x55a52aca34f8 <unknown>
#16 0x55a52aca36d6 <unknown>
#17 0x55a52acb4586 <unknown>
#18 0x7fd7d749caa4 <unknown>
#19 0x7fd7d7529c3c <unknown>

2025-05-29 11:03:59,325 - WARNING - Could not check application status for AI/ML Solutions Architect — Message: no such element: Unable to locate element: {"method":"tag name","selector":"apply-button-wc"}
  (Session info: chrome=136.0.7103.92); For documentation on this error, please visit: https://www.selenium.dev/documentation/webdriver/troubleshooting/errors#no-such-element-exception
Stacktrace:
#0 0x55a52acb571a <unknown>
#1 0x55a52a7580a0 <unknown>
#2 0x55a52a7a99b0 <unknown>
#3 0x55a52a7a9ba1 <unknown>
#4 0x55a52a7f7ea4 <unknown>
#5 0x55a52a7cf3cd <unknown>
#6 0x55a52a7f52a0 <unknown>
#7 0x55a52a7cf173 <unknown>
#8 0x55a52a79bd4b <unknown>
#9 0x55a52a79c9b1 <unknown>
#10 0x55a52ac7a8cb <unknown>
#11 0x55a52ac7e7ca <unknown>
#12 0x55a52ac62622 <unknown>
#13 0x55a52ac7f354 <unknown>
#14 0x55a52ac4745f <unknown>
#15 0x55a52aca34f8 <unknown>
#16 0x55a52aca36d6 <unknown>
#17 0x55a52acb4586 <unknown>
#18 0x7fd7d749caa4 <unknown>
#19 0x7fd7d7529c3c <unknown>

2025-05-29 11:04:04,489 - ERROR - Cannot click apply-button-wc for AI/ML Solutions Architect: Message: 
Stacktrace:
#0 0x55a52acb571a <unknown>
#1 0x55a52a7580a0 <unknown>
#2 0x55a52a7a99b0 <unknown>
#3 0x55a52a7a9ba1 <unknown>
#4 0x55a52a7f7ea4 <unknown>
#5 0x55a52a7cf3cd <unknown>
#6 0x55a52a7f52a0 <unknown>
#7 0x55a52a7cf173 <unknown>
#8 0x55a52a79bd4b <unknown>
#9 0x55a52a79c9b1 <unknown>
#10 0x55a52ac7a8cb <unknown>
#11 0x55a52ac7e7ca <unknown>
#12 0x55a52ac62622 <unknown>
#13 0x55a52ac7f354 <unknown>
#14 0x55a52ac4745f <unknown>
#15 0x55a52aca34f8 <unknown>
#16 0x55a52aca36d6 <unknown>
#17 0x55a52acb4586 <unknown>
#18 0x7fd7d749caa4 <unknown>
#19 0x7fd7d7529c3c <unknown>

2025-05-29 11:04:19,230 - INFO - SKIPPED (already applied): AI/ML Engineer - https://www.dice.com/job-detail/5717fdb1-7bbe-4b39-a49f-98a0609e03f4
2025-05-29 11:04:19,230 - WARNING - Could not check application status for AI/ML Engineer — local variable 'SKIPPED' referenced before assignment
2025-05-29 11:04:31,620 - ERROR - [ERROR] Cannot click first NEXT button for AI/ML Engineer: Message: 
Stacktrace:
#0 0x55a52acb571a <unknown>
#1 0x55a52a7580a0 <unknown>
#2 0x55a52a7a99b0 <unknown>
#3 0x55a52a7a9ba1 <unknown>
#4 0x55a52a7f7ea4 <unknown>
#5 0x55a52a7cf3cd <unknown>
#6 0x55a52a7f52a0 <unknown>
#7 0x55a52a7cf173 <unknown>
#8 0x55a52a79bd4b <unknown>
#9 0x55a52a79c9b1 <unknown>
#10 0x55a52ac7a8cb <unknown>
#11 0x55a52ac7e7ca <unknown>
#12 0x55a52ac62622 <unknown>
#13 0x55a52ac7f354 <unknown>
#14 0x55a52ac4745f <unknown>
#15 0x55a52aca34f8 <unknown>
#16 0x55a52aca36d6 <unknown>
#17 0x55a52acb4586 <unknown>
#18 0x7fd7d749caa4 <unknown>
#19 0x7fd7d7529c3c <unknown>

2025-05-29 11:04:48,357 - WARNING - Could not check application status for Oracle Cloud, ML and Data Analytics SME — Message: no such element: Unable to locate element: {"method":"tag name","selector":"apply-button-wc"}
  (Session info: chrome=136.0.7103.92); For documentation on this error, please visit: https://www.selenium.dev/documentation/webdriver/troubleshooting/errors#no-such-element-exception
Stacktrace:
#0 0x55a52acb571a <unknown>
#1 0x55a52a7580a0 <unknown>
#2 0x55a52a7a99b0 <unknown>
#3 0x55a52a7a9ba1 <unknown>
#4 0x55a52a7f7ea4 <unknown>
#5 0x55a52a7cf3cd <unknown>
#6 0x55a52a7f52a0 <unknown>
#7 0x55a52a7cf173 <unknown>
#8 0x55a52a79bd4b <unknown>
#9 0x55a52a79c9b1 <unknown>
#10 0x55a52ac7a8cb <unknown>
#11 0x55a52ac7e7ca <unknown>
#12 0x55a52ac62622 <unknown>
#13 0x55a52ac7f354 <unknown>
#14 0x55a52ac4745f <unknown>
#15 0x55a52aca34f8 <unknown>
#16 0x55a52aca36d6 <unknown>
#17 0x55a52acb4586 <unknown>
#18 0x7fd7d749caa4 <unknown>
#19 0x7fd7d7529c3c <unknown>

2025-05-29 11:04:53,539 - ERROR - Cannot click apply-button-wc for Oracle Cloud, ML and Data Analytics SME: Message: 
Stacktrace:
#0 0x55a52acb571a <unknown>
#1 0x55a52a7580a0 <unknown>
#2 0x55a52a7a99b0 <unknown>
#3 0x55a52a7a9ba1 <unknown>
#4 0x55a52a7f7ea4 <unknown>
#5 0x55a52a7cf3cd <unknown>
#6 0x55a52a7f52a0 <unknown>
#7 0x55a52a7cf173 <unknown>
#8 0x55a52a79bd4b <unknown>
#9 0x55a52a79c9b1 <unknown>
#10 0x55a52ac7a8cb <unknown>
#11 0x55a52ac7e7ca <unknown>
#12 0x55a52ac62622 <unknown>
#13 0x55a52ac7f354 <unknown>
#14 0x55a52ac4745f <unknown>
#15 0x55a52aca34f8 <unknown>
#16 0x55a52aca36d6 <unknown>
#17 0x55a52acb4586 <unknown>
#18 0x7fd7d749caa4 <unknown>
#19 0x7fd7d7529c3c <unknown>

2025-05-29 11:05:12,188 - INFO - SKIPPED (already applied): AI/ML Engineer - https://www.dice.com/job-detail/2056fcd3-b6d0-4cd8-b343-baa6e025104b
2025-05-29 11:05:12,188 - WARNING - Could not check application status for AI/ML Engineer — local variable 'SKIPPED' referenced before assignment
2025-05-29 11:05:24,563 - ERROR - [ERROR] Cannot click first NEXT button for AI/ML Engineer: Message: 
Stacktrace:
#0 0x55a52acb571a <unknown>
#1 0x55a52a7580a0 <unknown>
#2 0x55a52a7a99b0 <unknown>
#3 0x55a52a7a9ba1 <unknown>
#4 0x55a52a7f7ea4 <unknown>
#5 0x55a52a7cf3cd <unknown>
#6 0x55a52a7f52a0 <unknown>
#7 0x55a52a7cf173 <unknown>
#8 0x55a52a79bd4b <unknown>
#9 0x55a52a79c9b1 <unknown>
#10 0x55a52ac7a8cb <unknown>
#11 0x55a52ac7e7ca <unknown>
#12 0x55a52ac62622 <unknown>
#13 0x55a52ac7f354 <unknown>
#14 0x55a52ac4745f <unknown>
#15 0x55a52aca34f8 <unknown>
#16 0x55a52aca36d6 <unknown>
#17 0x55a52acb4586 <unknown>
#18 0x7fd7d749caa4 <unknown>
#19 0x7fd7d7529c3c <unknown>

2025-05-29 11:05:39,203 - INFO - SKIPPED (already applied): Solutions Architect, Generative AI Specialist - https://www.dice.com/job-detail/ab0e1c52-6d1b-4972-bc7b-edbf38b13cc9
2025-05-29 11:05:39,204 - WARNING - Could not check application status for Solutions Architect, Generative AI Specialist — local variable 'SKIPPED' referenced before assignment
2025-05-29 11:05:51,581 - ERROR - [ERROR] Cannot click first NEXT button for Solutions Architect, Generative AI Specialist: Message: 
Stacktrace:
#0 0x55a52acb571a <unknown>
#1 0x55a52a7580a0 <unknown>
#2 0x55a52a7a99b0 <unknown>
#3 0x55a52a7a9ba1 <unknown>
#4 0x55a52a7f7ea4 <unknown>
#5 0x55a52a7cf3cd <unknown>
#6 0x55a52a7f52a0 <unknown>
#7 0x55a52a7cf173 <unknown>
#8 0x55a52a79bd4b <unknown>
#9 0x55a52a79c9b1 <unknown>
#10 0x55a52ac7a8cb <unknown>
#11 0x55a52ac7e7ca <unknown>
#12 0x55a52ac62622 <unknown>
#13 0x55a52ac7f354 <unknown>
#14 0x55a52ac4745f <unknown>
#15 0x55a52aca34f8 <unknown>
#16 0x55a52aca36d6 <unknown>
#17 0x55a52acb4586 <unknown>
#18 0x7fd7d749caa4 <unknown>
#19 0x7fd7d7529c3c <unknown>

2025-05-29 11:06:10,319 - WARNING - Could not check application status for Sr Python Developer with Azure AI — Message: no such element: Unable to locate element: {"method":"tag name","selector":"apply-button-wc"}
  (Session info: chrome=136.0.7103.92); For documentation on this error, please visit: https://www.selenium.dev/documentation/webdriver/troubleshooting/errors#no-such-element-exception
Stacktrace:
#0 0x55a52acb571a <unknown>
#1 0x55a52a7580a0 <unknown>
#2 0x55a52a7a99b0 <unknown>
#3 0x55a52a7a9ba1 <unknown>
#4 0x55a52a7f7ea4 <unknown>
#5 0x55a52a7cf3cd <unknown>
#6 0x55a52a7f52a0 <unknown>
#7 0x55a52a7cf173 <unknown>
#8 0x55a52a79bd4b <unknown>
#9 0x55a52a79c9b1 <unknown>
#10 0x55a52ac7a8cb <unknown>
#11 0x55a52ac7e7ca <unknown>
#12 0x55a52ac62622 <unknown>
#13 0x55a52ac7f354 <unknown>
#14 0x55a52ac4745f <unknown>
#15 0x55a52aca34f8 <unknown>
#16 0x55a52aca36d6 <unknown>
#17 0x55a52acb4586 <unknown>
#18 0x7fd7d749caa4 <unknown>
#19 0x7fd7d7529c3c <unknown>

2025-05-29 11:06:15,483 - ERROR - Cannot click apply-button-wc for Sr Python Developer with Azure AI: Message: 
Stacktrace:
#0 0x55a52acb571a <unknown>
#1 0x55a52a7580a0 <unknown>
#2 0x55a52a7a99b0 <unknown>
#3 0x55a52a7a9ba1 <unknown>
#4 0x55a52a7f7ea4 <unknown>
#5 0x55a52a7cf3cd <unknown>
#6 0x55a52a7f52a0 <unknown>
#7 0x55a52a7cf173 <unknown>
#8 0x55a52a79bd4b <unknown>
#9 0x55a52a79c9b1 <unknown>
#10 0x55a52ac7a8cb <unknown>
#11 0x55a52ac7e7ca <unknown>
#12 0x55a52ac62622 <unknown>
#13 0x55a52ac7f354 <unknown>
#14 0x55a52ac4745f <unknown>
#15 0x55a52aca34f8 <unknown>
#16 0x55a52aca36d6 <unknown>
#17 0x55a52acb4586 <unknown>
#18 0x7fd7d749caa4 <unknown>
#19 0x7fd7d7529c3c <unknown>

2025-05-29 11:06:30,004 - WARNING - Could not check application status for Oracle with ML and Data Analytics — Message: no such element: Unable to locate element: {"method":"tag name","selector":"apply-button-wc"}
  (Session info: chrome=136.0.7103.92); For documentation on this error, please visit: https://www.selenium.dev/documentation/webdriver/troubleshooting/errors#no-such-element-exception
Stacktrace:
#0 0x55a52acb571a <unknown>
#1 0x55a52a7580a0 <unknown>
#2 0x55a52a7a99b0 <unknown>
#3 0x55a52a7a9ba1 <unknown>
#4 0x55a52a7f7ea4 <unknown>
#5 0x55a52a7cf3cd <unknown>
#6 0x55a52a7f52a0 <unknown>
#7 0x55a52a7cf173 <unknown>
#8 0x55a52a79bd4b <unknown>
#9 0x55a52a79c9b1 <unknown>
#10 0x55a52ac7a8cb <unknown>
#11 0x55a52ac7e7ca <unknown>
#12 0x55a52ac62622 <unknown>
#13 0x55a52ac7f354 <unknown>
#14 0x55a52ac4745f <unknown>
#15 0x55a52aca34f8 <unknown>
#16 0x55a52aca36d6 <unknown>
#17 0x55a52acb4586 <unknown>
#18 0x7fd7d749caa4 <unknown>
#19 0x7fd7d7529c3c <unknown>

2025-05-29 11:06:35,270 - ERROR - Cannot click apply-button-wc for Oracle with ML and Data Analytics: Message: 
Stacktrace:
#0 0x55a52acb571a <unknown>
#1 0x55a52a7580a0 <unknown>
#2 0x55a52a7a99b0 <unknown>
#3 0x55a52a7a9ba1 <unknown>
#4 0x55a52a7f7ea4 <unknown>
#5 0x55a52a7cf3cd <unknown>
#6 0x55a52a7f52a0 <unknown>
#7 0x55a52a7cf173 <unknown>
#8 0x55a52a79bd4b <unknown>
#9 0x55a52a79c9b1 <unknown>
#10 0x55a52ac7a8cb <unknown>
#11 0x55a52ac7e7ca <unknown>
#12 0x55a52ac62622 <unknown>
#13 0x55a52ac7f354 <unknown>
#14 0x55a52ac4745f <unknown>
#15 0x55a52aca34f8 <unknown>
#16 0x55a52aca36d6 <unknown>
#17 0x55a52acb4586 <unknown>
#18 0x7fd7d749caa4 <unknown>
#19 0x7fd7d7529c3c <unknown>

2025-05-29 11:06:48,327 - INFO - SKIPPED (already applied): Business Data Analyst - https://www.dice.com/job-detail/7ea9dfc0-4fa6-4b23-9c8d-76d4063a1a22
2025-05-29 11:06:48,327 - WARNING - Could not check application status for Business Data Analyst — local variable 'SKIPPED' referenced before assignment
2025-05-29 11:07:00,739 - ERROR - [ERROR] Cannot click first NEXT button for Business Data Analyst: Message: 
Stacktrace:
#0 0x55a52acb571a <unknown>
#1 0x55a52a7580a0 <unknown>
#2 0x55a52a7a99b0 <unknown>
#3 0x55a52a7a9ba1 <unknown>
#4 0x55a52a7f7ea4 <unknown>
#5 0x55a52a7cf3cd <unknown>
#6 0x55a52a7f52a0 <unknown>
#7 0x55a52a7cf173 <unknown>
#8 0x55a52a79bd4b <unknown>
#9 0x55a52a79c9b1 <unknown>
#10 0x55a52ac7a8cb <unknown>
#11 0x55a52ac7e7ca <unknown>
#12 0x55a52ac62622 <unknown>
#13 0x55a52ac7f354 <unknown>
#14 0x55a52ac4745f <unknown>
#15 0x55a52aca34f8 <unknown>
#16 0x55a52aca36d6 <unknown>
#17 0x55a52acb4586 <unknown>
#18 0x7fd7d749caa4 <unknown>
#19 0x7fd7d7529c3c <unknown>

2025-05-29 11:07:15,890 - INFO - SKIPPED (already applied): Azure Data Engineer - https://www.dice.com/job-detail/9b10b977-f7b9-4e5a-98c1-65c66829c863
2025-05-29 11:07:15,890 - WARNING - Could not check application status for Azure Data Engineer — local variable 'SKIPPED' referenced before assignment
2025-05-29 11:07:28,337 - ERROR - [ERROR] Cannot click first NEXT button for Azure Data Engineer: Message: 
Stacktrace:
#0 0x55a52acb571a <unknown>
#1 0x55a52a7580a0 <unknown>
#2 0x55a52a7a99b0 <unknown>
#3 0x55a52a7a9ba1 <unknown>
#4 0x55a52a7f7ea4 <unknown>
#5 0x55a52a7cf3cd <unknown>
#6 0x55a52a7f52a0 <unknown>
#7 0x55a52a7cf173 <unknown>
#8 0x55a52a79bd4b <unknown>
#9 0x55a52a79c9b1 <unknown>
#10 0x55a52ac7a8cb <unknown>
#11 0x55a52ac7e7ca <unknown>
#12 0x55a52ac62622 <unknown>
#13 0x55a52ac7f354 <unknown>
#14 0x55a52ac4745f <unknown>
#15 0x55a52aca34f8 <unknown>
#16 0x55a52aca36d6 <unknown>
#17 0x55a52acb4586 <unknown>
#18 0x7fd7d749caa4 <unknown>
#19 0x7fd7d7529c3c <unknown>

2025-05-29 11:07:44,810 - WARNING - Could not check application status for AI/ML Solutions Architect — Message: no such element: Unable to locate element: {"method":"tag name","selector":"apply-button-wc"}
  (Session info: chrome=136.0.7103.92); For documentation on this error, please visit: https://www.selenium.dev/documentation/webdriver/troubleshooting/errors#no-such-element-exception
Stacktrace:
#0 0x55a52acb571a <unknown>
#1 0x55a52a7580a0 <unknown>
#2 0x55a52a7a99b0 <unknown>
#3 0x55a52a7a9ba1 <unknown>
#4 0x55a52a7f7ea4 <unknown>
#5 0x55a52a7cf3cd <unknown>
#6 0x55a52a7f52a0 <unknown>
#7 0x55a52a7cf173 <unknown>
#8 0x55a52a79bd4b <unknown>
#9 0x55a52a79c9b1 <unknown>
#10 0x55a52ac7a8cb <unknown>
#11 0x55a52ac7e7ca <unknown>
#12 0x55a52ac62622 <unknown>
#13 0x55a52ac7f354 <unknown>
#14 0x55a52ac4745f <unknown>
#15 0x55a52aca34f8 <unknown>
#16 0x55a52aca36d6 <unknown>
#17 0x55a52acb4586 <unknown>
#18 0x7fd7d749caa4 <unknown>
#19 0x7fd7d7529c3c <unknown>

2025-05-29 11:07:49,974 - ERROR - Cannot click apply-button-wc for AI/ML Solutions Architect: Message: 
Stacktrace:
#0 0x55a52acb571a <unknown>
#1 0x55a52a7580a0 <unknown>
#2 0x55a52a7a99b0 <unknown>
#3 0x55a52a7a9ba1 <unknown>
#4 0x55a52a7f7ea4 <unknown>
#5 0x55a52a7cf3cd <unknown>
#6 0x55a52a7f52a0 <unknown>
#7 0x55a52a7cf173 <unknown>
#8 0x55a52a79bd4b <unknown>
#9 0x55a52a79c9b1 <unknown>
#10 0x55a52ac7a8cb <unknown>
#11 0x55a52ac7e7ca <unknown>
#12 0x55a52ac62622 <unknown>
#13 0x55a52ac7f354 <unknown>
#14 0x55a52ac4745f <unknown>
#15 0x55a52aca34f8 <unknown>
#16 0x55a52aca36d6 <unknown>
#17 0x55a52acb4586 <unknown>
#18 0x7fd7d749caa4 <unknown>
#19 0x7fd7d7529c3c <unknown>

2025-05-29 11:08:06,920 - INFO - SKIPPED (already applied): Data Engineer with SQL TSQL Azure SQL Azure Data Factory - https://www.dice.com/job-detail/44b0688c-291b-4155-834d-2c6ba6b2c9ba
2025-05-29 11:08:06,920 - WARNING - Could not check application status for Data Engineer with SQL TSQL Azure SQL Azure Data Factory — local variable 'SKIPPED' referenced before assignment
2025-05-29 11:08:19,302 - ERROR - [ERROR] Cannot click first NEXT button for Data Engineer with SQL TSQL Azure SQL Azure Data Factory: Message: 
Stacktrace:
#0 0x55a52acb571a <unknown>
#1 0x55a52a7580a0 <unknown>
#2 0x55a52a7a99b0 <unknown>
#3 0x55a52a7a9ba1 <unknown>
#4 0x55a52a7f7ea4 <unknown>
#5 0x55a52a7cf3cd <unknown>
#6 0x55a52a7f52a0 <unknown>
#7 0x55a52a7cf173 <unknown>
#8 0x55a52a79bd4b <unknown>
#9 0x55a52a79c9b1 <unknown>
#10 0x55a52ac7a8cb <unknown>
#11 0x55a52ac7e7ca <unknown>
#12 0x55a52ac62622 <unknown>
#13 0x55a52ac7f354 <unknown>
#14 0x55a52ac4745f <unknown>
#15 0x55a52aca34f8 <unknown>
#16 0x55a52aca36d6 <unknown>
#17 0x55a52acb4586 <unknown>
#18 0x7fd7d749caa4 <unknown>
#19 0x7fd7d7529c3c <unknown>

2025-05-29 11:08:37,089 - WARNING - Could not check application status for Generative AI Architect (Need Only on W2) — Message: no such element: Unable to locate element: {"method":"tag name","selector":"apply-button-wc"}
  (Session info: chrome=136.0.7103.92); For documentation on this error, please visit: https://www.selenium.dev/documentation/webdriver/troubleshooting/errors#no-such-element-exception
Stacktrace:
#0 0x55a52acb571a <unknown>
#1 0x55a52a7580a0 <unknown>
#2 0x55a52a7a99b0 <unknown>
#3 0x55a52a7a9ba1 <unknown>
#4 0x55a52a7f7ea4 <unknown>
#5 0x55a52a7cf3cd <unknown>
#6 0x55a52a7f52a0 <unknown>
#7 0x55a52a7cf173 <unknown>
#8 0x55a52a79bd4b <unknown>
#9 0x55a52a79c9b1 <unknown>
#10 0x55a52ac7a8cb <unknown>
#11 0x55a52ac7e7ca <unknown>
#12 0x55a52ac62622 <unknown>
#13 0x55a52ac7f354 <unknown>
#14 0x55a52ac4745f <unknown>
#15 0x55a52aca34f8 <unknown>
#16 0x55a52aca36d6 <unknown>
#17 0x55a52acb4586 <unknown>
#18 0x7fd7d749caa4 <unknown>
#19 0x7fd7d7529c3c <unknown>

2025-05-29 11:08:42,251 - ERROR - Cannot click apply-button-wc for Generative AI Architect (Need Only on W2): Message: 
Stacktrace:
#0 0x55a52acb571a <unknown>
#1 0x55a52a7580a0 <unknown>
#2 0x55a52a7a99b0 <unknown>
#3 0x55a52a7a9ba1 <unknown>
#4 0x55a52a7f7ea4 <unknown>
#5 0x55a52a7cf3cd <unknown>
#6 0x55a52a7f52a0 <unknown>
#7 0x55a52a7cf173 <unknown>
#8 0x55a52a79bd4b <unknown>
#9 0x55a52a79c9b1 <unknown>
#10 0x55a52ac7a8cb <unknown>
#11 0x55a52ac7e7ca <unknown>
#12 0x55a52ac62622 <unknown>
#13 0x55a52ac7f354 <unknown>
#14 0x55a52ac4745f <unknown>
#15 0x55a52aca34f8 <unknown>
#16 0x55a52aca36d6 <unknown>
#17 0x55a52acb4586 <unknown>
#18 0x7fd7d749caa4 <unknown>
#19 0x7fd7d7529c3c <unknown>

2025-05-29 11:08:58,585 - WARNING - Could not check application status for Data Scientist III — Message: no such element: Unable to locate element: {"method":"tag name","selector":"apply-button-wc"}
  (Session info: chrome=136.0.7103.92); For documentation on this error, please visit: https://www.selenium.dev/documentation/webdriver/troubleshooting/errors#no-such-element-exception
Stacktrace:
#0 0x55a52acb571a <unknown>
#1 0x55a52a7580a0 <unknown>
#2 0x55a52a7a99b0 <unknown>
#3 0x55a52a7a9ba1 <unknown>
#4 0x55a52a7f7ea4 <unknown>
#5 0x55a52a7cf3cd <unknown>
#6 0x55a52a7f52a0 <unknown>
#7 0x55a52a7cf173 <unknown>
#8 0x55a52a79bd4b <unknown>
#9 0x55a52a79c9b1 <unknown>
#10 0x55a52ac7a8cb <unknown>
#11 0x55a52ac7e7ca <unknown>
#12 0x55a52ac62622 <unknown>
#13 0x55a52ac7f354 <unknown>
#14 0x55a52ac4745f <unknown>
#15 0x55a52aca34f8 <unknown>
#16 0x55a52aca36d6 <unknown>
#17 0x55a52acb4586 <unknown>
#18 0x7fd7d749caa4 <unknown>
#19 0x7fd7d7529c3c <unknown>

2025-05-29 11:09:03,775 - ERROR - Cannot click apply-button-wc for Data Scientist III: Message: 
Stacktrace:
#0 0x55a52acb571a <unknown>
#1 0x55a52a7580a0 <unknown>
#2 0x55a52a7a99b0 <unknown>
#3 0x55a52a7a9ba1 <unknown>
#4 0x55a52a7f7ea4 <unknown>
#5 0x55a52a7cf3cd <unknown>
#6 0x55a52a7f52a0 <unknown>
#7 0x55a52a7cf173 <unknown>
#8 0x55a52a79bd4b <unknown>
#9 0x55a52a79c9b1 <unknown>
#10 0x55a52ac7a8cb <unknown>
#11 0x55a52ac7e7ca <unknown>
#12 0x55a52ac62622 <unknown>
#13 0x55a52ac7f354 <unknown>
#14 0x55a52ac4745f <unknown>
#15 0x55a52aca34f8 <unknown>
#16 0x55a52aca36d6 <unknown>
#17 0x55a52acb4586 <unknown>
#18 0x7fd7d749caa4 <unknown>
#19 0x7fd7d7529c3c <unknown>

2025-05-29 11:09:18,828 - INFO - SKIPPED (already applied): Data Scientist - https://www.dice.com/job-detail/fe416c5b-63c7-4cac-aff2-221f6a549745
2025-05-29 11:09:18,828 - WARNING - Could not check application status for Data Scientist — local variable 'SKIPPED' referenced before assignment
2025-05-29 11:09:31,218 - ERROR - [ERROR] Cannot click first NEXT button for Data Scientist: Message: 
Stacktrace:
#0 0x55a52acb571a <unknown>
#1 0x55a52a7580a0 <unknown>
#2 0x55a52a7a99b0 <unknown>
#3 0x55a52a7a9ba1 <unknown>
#4 0x55a52a7f7ea4 <unknown>
#5 0x55a52a7cf3cd <unknown>
#6 0x55a52a7f52a0 <unknown>
#7 0x55a52a7cf173 <unknown>
#8 0x55a52a79bd4b <unknown>
#9 0x55a52a79c9b1 <unknown>
#10 0x55a52ac7a8cb <unknown>
#11 0x55a52ac7e7ca <unknown>
#12 0x55a52ac62622 <unknown>
#13 0x55a52ac7f354 <unknown>
#14 0x55a52ac4745f <unknown>
#15 0x55a52aca34f8 <unknown>
#16 0x55a52aca36d6 <unknown>
#17 0x55a52acb4586 <unknown>
#18 0x7fd7d749caa4 <unknown>
#19 0x7fd7d7529c3c <unknown>

2025-05-29 11:09:46,668 - INFO - SKIPPED (already applied): Data Engineer - https://www.dice.com/job-detail/9d0ec2a1-4830-4682-a294-7cf2e3e03a39
2025-05-29 11:09:46,668 - WARNING - Could not check application status for Data Engineer — local variable 'SKIPPED' referenced before assignment
2025-05-29 11:09:59,051 - ERROR - [ERROR] Cannot click first NEXT button for Data Engineer: Message: 
Stacktrace:
#0 0x55a52acb571a <unknown>
#1 0x55a52a7580a0 <unknown>
#2 0x55a52a7a99b0 <unknown>
#3 0x55a52a7a9ba1 <unknown>
#4 0x55a52a7f7ea4 <unknown>
#5 0x55a52a7cf3cd <unknown>
#6 0x55a52a7f52a0 <unknown>
#7 0x55a52a7cf173 <unknown>
#8 0x55a52a79bd4b <unknown>
#9 0x55a52a79c9b1 <unknown>
#10 0x55a52ac7a8cb <unknown>
#11 0x55a52ac7e7ca <unknown>
#12 0x55a52ac62622 <unknown>
#13 0x55a52ac7f354 <unknown>
#14 0x55a52ac4745f <unknown>
#15 0x55a52aca34f8 <unknown>
#16 0x55a52aca36d6 <unknown>
#17 0x55a52acb4586 <unknown>
#18 0x7fd7d749caa4 <unknown>
#19 0x7fd7d7529c3c <unknown>

2025-05-29 11:10:16,610 - WARNING - Could not check application status for Sr. Developer - AI&ML (In-person interview) — Message: no such element: Unable to locate element: {"method":"tag name","selector":"apply-button-wc"}
  (Session info: chrome=136.0.7103.92); For documentation on this error, please visit: https://www.selenium.dev/documentation/webdriver/troubleshooting/errors#no-such-element-exception
Stacktrace:
#0 0x55a52acb571a <unknown>
#1 0x55a52a7580a0 <unknown>
#2 0x55a52a7a99b0 <unknown>
#3 0x55a52a7a9ba1 <unknown>
#4 0x55a52a7f7ea4 <unknown>
#5 0x55a52a7cf3cd <unknown>
#6 0x55a52a7f52a0 <unknown>
#7 0x55a52a7cf173 <unknown>
#8 0x55a52a79bd4b <unknown>
#9 0x55a52a79c9b1 <unknown>
#10 0x55a52ac7a8cb <unknown>
#11 0x55a52ac7e7ca <unknown>
#12 0x55a52ac62622 <unknown>
#13 0x55a52ac7f354 <unknown>
#14 0x55a52ac4745f <unknown>
#15 0x55a52aca34f8 <unknown>
#16 0x55a52aca36d6 <unknown>
#17 0x55a52acb4586 <unknown>
#18 0x7fd7d749caa4 <unknown>
#19 0x7fd7d7529c3c <unknown>

2025-05-29 11:10:21,777 - ERROR - Cannot click apply-button-wc for Sr. Developer - AI&ML (In-person interview): Message: 
Stacktrace:
#0 0x55a52acb571a <unknown>
#1 0x55a52a7580a0 <unknown>
#2 0x55a52a7a99b0 <unknown>
#3 0x55a52a7a9ba1 <unknown>
#4 0x55a52a7f7ea4 <unknown>
#5 0x55a52a7cf3cd <unknown>
#6 0x55a52a7f52a0 <unknown>
#7 0x55a52a7cf173 <unknown>
#8 0x55a52a79bd4b <unknown>
#9 0x55a52a79c9b1 <unknown>
#10 0x55a52ac7a8cb <unknown>
#11 0x55a52ac7e7ca <unknown>
#12 0x55a52ac62622 <unknown>
#13 0x55a52ac7f354 <unknown>
#14 0x55a52ac4745f <unknown>
#15 0x55a52aca34f8 <unknown>
#16 0x55a52aca36d6 <unknown>
#17 0x55a52acb4586 <unknown>
#18 0x7fd7d749caa4 <unknown>
#19 0x7fd7d7529c3c <unknown>

2025-05-29 11:10:39,270 - WARNING - Could not check application status for Senior AI ML Product Technologist and BA — Message: no such element: Unable to locate element: {"method":"tag name","selector":"apply-button-wc"}
  (Session info: chrome=136.0.7103.92); For documentation on this error, please visit: https://www.selenium.dev/documentation/webdriver/troubleshooting/errors#no-such-element-exception
Stacktrace:
#0 0x55a52acb571a <unknown>
#1 0x55a52a7580a0 <unknown>
#2 0x55a52a7a99b0 <unknown>
#3 0x55a52a7a9ba1 <unknown>
#4 0x55a52a7f7ea4 <unknown>
#5 0x55a52a7cf3cd <unknown>
#6 0x55a52a7f52a0 <unknown>
#7 0x55a52a7cf173 <unknown>
#8 0x55a52a79bd4b <unknown>
#9 0x55a52a79c9b1 <unknown>
#10 0x55a52ac7a8cb <unknown>
#11 0x55a52ac7e7ca <unknown>
#12 0x55a52ac62622 <unknown>
#13 0x55a52ac7f354 <unknown>
#14 0x55a52ac4745f <unknown>
#15 0x55a52aca34f8 <unknown>
#16 0x55a52aca36d6 <unknown>
#17 0x55a52acb4586 <unknown>
#18 0x7fd7d749caa4 <unknown>
#19 0x7fd7d7529c3c <unknown>

2025-05-29 11:10:44,486 - ERROR - Cannot click apply-button-wc for Senior AI ML Product Technologist and BA: Message: 
Stacktrace:
#0 0x55a52acb571a <unknown>
#1 0x55a52a7580a0 <unknown>
#2 0x55a52a7a99b0 <unknown>
#3 0x55a52a7a9ba1 <unknown>
#4 0x55a52a7f7ea4 <unknown>
#5 0x55a52a7cf3cd <unknown>
#6 0x55a52a7f52a0 <unknown>
#7 0x55a52a7cf173 <unknown>
#8 0x55a52a79bd4b <unknown>
#9 0x55a52a79c9b1 <unknown>
#10 0x55a52ac7a8cb <unknown>
#11 0x55a52ac7e7ca <unknown>
#12 0x55a52ac62622 <unknown>
#13 0x55a52ac7f354 <unknown>
#14 0x55a52ac4745f <unknown>
#15 0x55a52aca34f8 <unknown>
#16 0x55a52aca36d6 <unknown>
#17 0x55a52acb4586 <unknown>
#18 0x7fd7d749caa4 <unknown>
#19 0x7fd7d7529c3c <unknown>

2025-05-29 11:11:01,720 - INFO - SKIPPED (already applied): Software Engineer (Cloud AI, Google Cloud Platform, NLP, Gen AI) - Only W2 - https://www.dice.com/job-detail/a2161f96-b7a2-4881-8fcd-0fd9f0a428c6
2025-05-29 11:11:01,720 - WARNING - Could not check application status for Software Engineer (Cloud AI, Google Cloud Platform, NLP, Gen AI) - Only W2 — local variable 'SKIPPED' referenced before assignment
2025-05-29 11:11:14,113 - ERROR - [ERROR] Cannot click first NEXT button for Software Engineer (Cloud AI, Google Cloud Platform, NLP, Gen AI) - Only W2: Message: 
Stacktrace:
#0 0x55a52acb571a <unknown>
#1 0x55a52a7580a0 <unknown>
#2 0x55a52a7a99b0 <unknown>
#3 0x55a52a7a9ba1 <unknown>
#4 0x55a52a7f7ea4 <unknown>
#5 0x55a52a7cf3cd <unknown>
#6 0x55a52a7f52a0 <unknown>
#7 0x55a52a7cf173 <unknown>
#8 0x55a52a79bd4b <unknown>
#9 0x55a52a79c9b1 <unknown>
#10 0x55a52ac7a8cb <unknown>
#11 0x55a52ac7e7ca <unknown>
#12 0x55a52ac62622 <unknown>
#13 0x55a52ac7f354 <unknown>
#14 0x55a52ac4745f <unknown>
#15 0x55a52aca34f8 <unknown>
#16 0x55a52aca36d6 <unknown>
#17 0x55a52acb4586 <unknown>
#18 0x7fd7d749caa4 <unknown>
#19 0x7fd7d7529c3c <unknown>

2025-05-29 11:11:32,218 - WARNING - Could not check application status for Cloud Data Platform Solution Architect - 100% Remote — Message: no such element: Unable to locate element: {"method":"tag name","selector":"apply-button-wc"}
  (Session info: chrome=136.0.7103.92); For documentation on this error, please visit: https://www.selenium.dev/documentation/webdriver/troubleshooting/errors#no-such-element-exception
Stacktrace:
#0 0x55a52acb571a <unknown>
#1 0x55a52a7580a0 <unknown>
#2 0x55a52a7a99b0 <unknown>
#3 0x55a52a7a9ba1 <unknown>
#4 0x55a52a7f7ea4 <unknown>
#5 0x55a52a7cf3cd <unknown>
#6 0x55a52a7f52a0 <unknown>
#7 0x55a52a7cf173 <unknown>
#8 0x55a52a79bd4b <unknown>
#9 0x55a52a79c9b1 <unknown>
#10 0x55a52ac7a8cb <unknown>
#11 0x55a52ac7e7ca <unknown>
#12 0x55a52ac62622 <unknown>
#13 0x55a52ac7f354 <unknown>
#14 0x55a52ac4745f <unknown>
#15 0x55a52aca34f8 <unknown>
#16 0x55a52aca36d6 <unknown>
#17 0x55a52acb4586 <unknown>
#18 0x7fd7d749caa4 <unknown>
#19 0x7fd7d7529c3c <unknown>

2025-05-29 11:11:37,466 - ERROR - Cannot click apply-button-wc for Cloud Data Platform Solution Architect - 100% Remote: Message: 
Stacktrace:
#0 0x55a52acb571a <unknown>
#1 0x55a52a7580a0 <unknown>
#2 0x55a52a7a99b0 <unknown>
#3 0x55a52a7a9ba1 <unknown>
#4 0x55a52a7f7ea4 <unknown>
#5 0x55a52a7cf3cd <unknown>
#6 0x55a52a7f52a0 <unknown>
#7 0x55a52a7cf173 <unknown>
#8 0x55a52a79bd4b <unknown>
#9 0x55a52a79c9b1 <unknown>
#10 0x55a52ac7a8cb <unknown>
#11 0x55a52ac7e7ca <unknown>
#12 0x55a52ac62622 <unknown>
#13 0x55a52ac7f354 <unknown>
#14 0x55a52ac4745f <unknown>
#15 0x55a52aca34f8 <unknown>
#16 0x55a52aca36d6 <unknown>
#17 0x55a52acb4586 <unknown>
#18 0x7fd7d749caa4 <unknown>
#19 0x7fd7d7529c3c <unknown>

2025-05-29 11:11:52,311 - WARNING - Could not check application status for Oracle Cloud, ML and Data Analytics SME — Message: no such element: Unable to locate element: {"method":"tag name","selector":"apply-button-wc"}
  (Session info: chrome=136.0.7103.92); For documentation on this error, please visit: https://www.selenium.dev/documentation/webdriver/troubleshooting/errors#no-such-element-exception
Stacktrace:
#0 0x55a52acb571a <unknown>
#1 0x55a52a7580a0 <unknown>
#2 0x55a52a7a99b0 <unknown>
#3 0x55a52a7a9ba1 <unknown>
#4 0x55a52a7f7ea4 <unknown>
#5 0x55a52a7cf3cd <unknown>
#6 0x55a52a7f52a0 <unknown>
#7 0x55a52a7cf173 <unknown>
#8 0x55a52a79bd4b <unknown>
#9 0x55a52a79c9b1 <unknown>
#10 0x55a52ac7a8cb <unknown>
#11 0x55a52ac7e7ca <unknown>
#12 0x55a52ac62622 <unknown>
#13 0x55a52ac7f354 <unknown>
#14 0x55a52ac4745f <unknown>
#15 0x55a52aca34f8 <unknown>
#16 0x55a52aca36d6 <unknown>
#17 0x55a52acb4586 <unknown>
#18 0x7fd7d749caa4 <unknown>
#19 0x7fd7d7529c3c <unknown>

2025-05-29 11:11:57,476 - ERROR - Cannot click apply-button-wc for Oracle Cloud, ML and Data Analytics SME: Message: 
Stacktrace:
#0 0x55a52acb571a <unknown>
#1 0x55a52a7580a0 <unknown>
#2 0x55a52a7a99b0 <unknown>
#3 0x55a52a7a9ba1 <unknown>
#4 0x55a52a7f7ea4 <unknown>
#5 0x55a52a7cf3cd <unknown>
#6 0x55a52a7f52a0 <unknown>
#7 0x55a52a7cf173 <unknown>
#8 0x55a52a79bd4b <unknown>
#9 0x55a52a79c9b1 <unknown>
#10 0x55a52ac7a8cb <unknown>
#11 0x55a52ac7e7ca <unknown>
#12 0x55a52ac62622 <unknown>
#13 0x55a52ac7f354 <unknown>
#14 0x55a52ac4745f <unknown>
#15 0x55a52aca34f8 <unknown>
#16 0x55a52aca36d6 <unknown>
#17 0x55a52acb4586 <unknown>
#18 0x7fd7d749caa4 <unknown>
#19 0x7fd7d7529c3c <unknown>

2025-05-29 11:12:14,841 - WARNING - Could not check application status for Data Scientist — Message: no such element: Unable to locate element: {"method":"tag name","selector":"apply-button-wc"}
  (Session info: chrome=136.0.7103.92); For documentation on this error, please visit: https://www.selenium.dev/documentation/webdriver/troubleshooting/errors#no-such-element-exception
Stacktrace:
#0 0x55a52acb571a <unknown>
#1 0x55a52a7580a0 <unknown>
#2 0x55a52a7a99b0 <unknown>
#3 0x55a52a7a9ba1 <unknown>
#4 0x55a52a7f7ea4 <unknown>
#5 0x55a52a7cf3cd <unknown>
#6 0x55a52a7f52a0 <unknown>
#7 0x55a52a7cf173 <unknown>
#8 0x55a52a79bd4b <unknown>
#9 0x55a52a79c9b1 <unknown>
#10 0x55a52ac7a8cb <unknown>
#11 0x55a52ac7e7ca <unknown>
#12 0x55a52ac62622 <unknown>
#13 0x55a52ac7f354 <unknown>
#14 0x55a52ac4745f <unknown>
#15 0x55a52aca34f8 <unknown>
#16 0x55a52aca36d6 <unknown>
#17 0x55a52acb4586 <unknown>
#18 0x7fd7d749caa4 <unknown>
#19 0x7fd7d7529c3c <unknown>

2025-05-29 11:12:20,087 - ERROR - Cannot click apply-button-wc for Data Scientist: Message: 
Stacktrace:
#0 0x55a52acb571a <unknown>
#1 0x55a52a7580a0 <unknown>
#2 0x55a52a7a99b0 <unknown>
#3 0x55a52a7a9ba1 <unknown>
#4 0x55a52a7f7ea4 <unknown>
#5 0x55a52a7cf3cd <unknown>
#6 0x55a52a7f52a0 <unknown>
#7 0x55a52a7cf173 <unknown>
#8 0x55a52a79bd4b <unknown>
#9 0x55a52a79c9b1 <unknown>
#10 0x55a52ac7a8cb <unknown>
#11 0x55a52ac7e7ca <unknown>
#12 0x55a52ac62622 <unknown>
#13 0x55a52ac7f354 <unknown>
#14 0x55a52ac4745f <unknown>
#15 0x55a52aca34f8 <unknown>
#16 0x55a52aca36d6 <unknown>
#17 0x55a52acb4586 <unknown>
#18 0x7fd7d749caa4 <unknown>
#19 0x7fd7d7529c3c <unknown>

2025-05-29 11:12:34,322 - WARNING - Could not check application status for Data Engineer — Message: no such element: Unable to locate element: {"method":"tag name","selector":"apply-button-wc"}
  (Session info: chrome=136.0.7103.92); For documentation on this error, please visit: https://www.selenium.dev/documentation/webdriver/troubleshooting/errors#no-such-element-exception
Stacktrace:
#0 0x55a52acb571a <unknown>
#1 0x55a52a7580a0 <unknown>
#2 0x55a52a7a99b0 <unknown>
#3 0x55a52a7a9ba1 <unknown>
#4 0x55a52a7f7ea4 <unknown>
#5 0x55a52a7cf3cd <unknown>
#6 0x55a52a7f52a0 <unknown>
#7 0x55a52a7cf173 <unknown>
#8 0x55a52a79bd4b <unknown>
#9 0x55a52a79c9b1 <unknown>
#10 0x55a52ac7a8cb <unknown>
#11 0x55a52ac7e7ca <unknown>
#12 0x55a52ac62622 <unknown>
#13 0x55a52ac7f354 <unknown>
#14 0x55a52ac4745f <unknown>
#15 0x55a52aca34f8 <unknown>
#16 0x55a52aca36d6 <unknown>
#17 0x55a52acb4586 <unknown>
#18 0x7fd7d749caa4 <unknown>
#19 0x7fd7d7529c3c <unknown>

2025-05-29 11:12:39,487 - ERROR - Cannot click apply-button-wc for Data Engineer: Message: 
Stacktrace:
#0 0x55a52acb571a <unknown>
#1 0x55a52a7580a0 <unknown>
#2 0x55a52a7a99b0 <unknown>
#3 0x55a52a7a9ba1 <unknown>
#4 0x55a52a7f7ea4 <unknown>
#5 0x55a52a7cf3cd <unknown>
#6 0x55a52a7f52a0 <unknown>
#7 0x55a52a7cf173 <unknown>
#8 0x55a52a79bd4b <unknown>
#9 0x55a52a79c9b1 <unknown>
#10 0x55a52ac7a8cb <unknown>
#11 0x55a52ac7e7ca <unknown>
#12 0x55a52ac62622 <unknown>
#13 0x55a52ac7f354 <unknown>
#14 0x55a52ac4745f <unknown>
#15 0x55a52aca34f8 <unknown>
#16 0x55a52aca36d6 <unknown>
#17 0x55a52acb4586 <unknown>
#18 0x7fd7d749caa4 <unknown>
#19 0x7fd7d7529c3c <unknown>

2025-05-29 11:12:56,657 - WARNING - Could not check application status for Two Data Analysts: 6+ Mnths onsite Project Raleigh NC: In Person Interview; interview Expenses Paid. — Message: no such element: Unable to locate element: {"method":"tag name","selector":"apply-button-wc"}
  (Session info: chrome=136.0.7103.92); For documentation on this error, please visit: https://www.selenium.dev/documentation/webdriver/troubleshooting/errors#no-such-element-exception
Stacktrace:
#0 0x55a52acb571a <unknown>
#1 0x55a52a7580a0 <unknown>
#2 0x55a52a7a99b0 <unknown>
#3 0x55a52a7a9ba1 <unknown>
#4 0x55a52a7f7ea4 <unknown>
#5 0x55a52a7cf3cd <unknown>
#6 0x55a52a7f52a0 <unknown>
#7 0x55a52a7cf173 <unknown>
#8 0x55a52a79bd4b <unknown>
#9 0x55a52a79c9b1 <unknown>
#10 0x55a52ac7a8cb <unknown>
#11 0x55a52ac7e7ca <unknown>
#12 0x55a52ac62622 <unknown>
#13 0x55a52ac7f354 <unknown>
#14 0x55a52ac4745f <unknown>
#15 0x55a52aca34f8 <unknown>
#16 0x55a52aca36d6 <unknown>
#17 0x55a52acb4586 <unknown>
#18 0x7fd7d749caa4 <unknown>
#19 0x7fd7d7529c3c <unknown>

2025-05-29 11:13:01,852 - ERROR - Cannot click apply-button-wc for Two Data Analysts: 6+ Mnths onsite Project Raleigh NC: In Person Interview; interview Expenses Paid.: Message: 
Stacktrace:
#0 0x55a52acb571a <unknown>
#1 0x55a52a7580a0 <unknown>
#2 0x55a52a7a99b0 <unknown>
#3 0x55a52a7a9ba1 <unknown>
#4 0x55a52a7f7ea4 <unknown>
#5 0x55a52a7cf3cd <unknown>
#6 0x55a52a7f52a0 <unknown>
#7 0x55a52a7cf173 <unknown>
#8 0x55a52a79bd4b <unknown>
#9 0x55a52a79c9b1 <unknown>
#10 0x55a52ac7a8cb <unknown>
#11 0x55a52ac7e7ca <unknown>
#12 0x55a52ac62622 <unknown>
#13 0x55a52ac7f354 <unknown>
#14 0x55a52ac4745f <unknown>
#15 0x55a52aca34f8 <unknown>
#16 0x55a52aca36d6 <unknown>
#17 0x55a52acb4586 <unknown>
#18 0x7fd7d749caa4 <unknown>
#19 0x7fd7d7529c3c <unknown>

2025-05-29 11:13:24,340 - WARNING - Could not check application status for Generative AI Architect (Need Only on W2) — Message: no such element: Unable to locate element: {"method":"tag name","selector":"apply-button-wc"}
  (Session info: chrome=136.0.7103.92); For documentation on this error, please visit: https://www.selenium.dev/documentation/webdriver/troubleshooting/errors#no-such-element-exception
Stacktrace:
#0 0x55a52acb571a <unknown>
#1 0x55a52a7580a0 <unknown>
#2 0x55a52a7a99b0 <unknown>
#3 0x55a52a7a9ba1 <unknown>
#4 0x55a52a7f7ea4 <unknown>
#5 0x55a52a7cf3cd <unknown>
#6 0x55a52a7f52a0 <unknown>
#7 0x55a52a7cf173 <unknown>
#8 0x55a52a79bd4b <unknown>
#9 0x55a52a79c9b1 <unknown>
#10 0x55a52ac7a8cb <unknown>
#11 0x55a52ac7e7ca <unknown>
#12 0x55a52ac62622 <unknown>
#13 0x55a52ac7f354 <unknown>
#14 0x55a52ac4745f <unknown>
#15 0x55a52aca34f8 <unknown>
#16 0x55a52aca36d6 <unknown>
#17 0x55a52acb4586 <unknown>
#18 0x7fd7d749caa4 <unknown>
#19 0x7fd7d7529c3c <unknown>

2025-05-29 11:13:29,505 - ERROR - Cannot click apply-button-wc for Generative AI Architect (Need Only on W2): Message: 
Stacktrace:
#0 0x55a52acb571a <unknown>
#1 0x55a52a7580a0 <unknown>
#2 0x55a52a7a99b0 <unknown>
#3 0x55a52a7a9ba1 <unknown>
#4 0x55a52a7f7ea4 <unknown>
#5 0x55a52a7cf3cd <unknown>
#6 0x55a52a7f52a0 <unknown>
#7 0x55a52a7cf173 <unknown>
#8 0x55a52a79bd4b <unknown>
#9 0x55a52a79c9b1 <unknown>
#10 0x55a52ac7a8cb <unknown>
#11 0x55a52ac7e7ca <unknown>
#12 0x55a52ac62622 <unknown>
#13 0x55a52ac7f354 <unknown>
#14 0x55a52ac4745f <unknown>
#15 0x55a52aca34f8 <unknown>
#16 0x55a52aca36d6 <unknown>
#17 0x55a52acb4586 <unknown>
#18 0x7fd7d749caa4 <unknown>
#19 0x7fd7d7529c3c <unknown>

2025-05-29 11:13:47,324 - INFO - SKIPPED (already applied): Sr Python Developer - https://www.dice.com/job-detail/6ce948af-9f4f-4e18-8856-1473cbcd7b25
2025-05-29 11:13:47,324 - WARNING - Could not check application status for Sr Python Developer — local variable 'SKIPPED' referenced before assignment
2025-05-29 11:13:59,717 - ERROR - [ERROR] Cannot click first NEXT button for Sr Python Developer: Message: 
Stacktrace:
#0 0x55a52acb571a <unknown>
#1 0x55a52a7580a0 <unknown>
#2 0x55a52a7a99b0 <unknown>
#3 0x55a52a7a9ba1 <unknown>
#4 0x55a52a7f7ea4 <unknown>
#5 0x55a52a7cf3cd <unknown>
#6 0x55a52a7f52a0 <unknown>
#7 0x55a52a7cf173 <unknown>
#8 0x55a52a79bd4b <unknown>
#9 0x55a52a79c9b1 <unknown>
#10 0x55a52ac7a8cb <unknown>
#11 0x55a52ac7e7ca <unknown>
#12 0x55a52ac62622 <unknown>
#13 0x55a52ac7f354 <unknown>
#14 0x55a52ac4745f <unknown>
#15 0x55a52aca34f8 <unknown>
#16 0x55a52aca36d6 <unknown>
#17 0x55a52acb4586 <unknown>
#18 0x7fd7d749caa4 <unknown>
#19 0x7fd7d7529c3c <unknown>

2025-05-29 11:14:23,132 - INFO - APPLIED: Data Analyst - Remote / Telecommute - https://www.dice.com/job-detail/4b1fe021-72d0-4fda-be25-b3b12ebdb84e
2025-05-29 11:14:40,894 - WARNING - Could not check application status for Java Developer with AI/ML exp. — Message: no such element: Unable to locate element: {"method":"tag name","selector":"apply-button-wc"}
  (Session info: chrome=136.0.7103.92); For documentation on this error, please visit: https://www.selenium.dev/documentation/webdriver/troubleshooting/errors#no-such-element-exception
Stacktrace:
#0 0x55a52acb571a <unknown>
#1 0x55a52a7580a0 <unknown>
#2 0x55a52a7a99b0 <unknown>
#3 0x55a52a7a9ba1 <unknown>
#4 0x55a52a7f7ea4 <unknown>
#5 0x55a52a7cf3cd <unknown>
#6 0x55a52a7f52a0 <unknown>
#7 0x55a52a7cf173 <unknown>
#8 0x55a52a79bd4b <unknown>
#9 0x55a52a79c9b1 <unknown>
#10 0x55a52ac7a8cb <unknown>
#11 0x55a52ac7e7ca <unknown>
#12 0x55a52ac62622 <unknown>
#13 0x55a52ac7f354 <unknown>
#14 0x55a52ac4745f <unknown>
#15 0x55a52aca34f8 <unknown>
#16 0x55a52aca36d6 <unknown>
#17 0x55a52acb4586 <unknown>
#18 0x7fd7d749caa4 <unknown>
#19 0x7fd7d7529c3c <unknown>

2025-05-29 11:14:46,109 - ERROR - Cannot click apply-button-wc for Java Developer with AI/ML exp.: Message: 
Stacktrace:
#0 0x55a52acb571a <unknown>
#1 0x55a52a7580a0 <unknown>
#2 0x55a52a7a99b0 <unknown>
#3 0x55a52a7a9ba1 <unknown>
#4 0x55a52a7f7ea4 <unknown>
#5 0x55a52a7cf3cd <unknown>
#6 0x55a52a7f52a0 <unknown>
#7 0x55a52a7cf173 <unknown>
#8 0x55a52a79bd4b <unknown>
#9 0x55a52a79c9b1 <unknown>
#10 0x55a52ac7a8cb <unknown>
#11 0x55a52ac7e7ca <unknown>
#12 0x55a52ac62622 <unknown>
#13 0x55a52ac7f354 <unknown>
#14 0x55a52ac4745f <unknown>
#15 0x55a52aca34f8 <unknown>
#16 0x55a52aca36d6 <unknown>
#17 0x55a52acb4586 <unknown>
#18 0x7fd7d749caa4 <unknown>
#19 0x7fd7d7529c3c <unknown>

2025-05-29 11:15:02,829 - INFO - SKIPPED (already applied): AI/MLOps Engineer/Architect in San Antonio, TX (Onsite) - https://www.dice.com/job-detail/2e844829-d673-4c41-bbfc-be7e0e990e68
2025-05-29 11:15:02,829 - WARNING - Could not check application status for AI/MLOps Engineer/Architect in San Antonio, TX (Onsite) — local variable 'SKIPPED' referenced before assignment
2025-05-29 11:15:15,210 - ERROR - [ERROR] Cannot click first NEXT button for AI/MLOps Engineer/Architect in San Antonio, TX (Onsite): Message: 
Stacktrace:
#0 0x55a52acb571a <unknown>
#1 0x55a52a7580a0 <unknown>
#2 0x55a52a7a99b0 <unknown>
#3 0x55a52a7a9ba1 <unknown>
#4 0x55a52a7f7ea4 <unknown>
#5 0x55a52a7cf3cd <unknown>
#6 0x55a52a7f52a0 <unknown>
#7 0x55a52a7cf173 <unknown>
#8 0x55a52a79bd4b <unknown>
#9 0x55a52a79c9b1 <unknown>
#10 0x55a52ac7a8cb <unknown>
#11 0x55a52ac7e7ca <unknown>
#12 0x55a52ac62622 <unknown>
#13 0x55a52ac7f354 <unknown>
#14 0x55a52ac4745f <unknown>
#15 0x55a52aca34f8 <unknown>
#16 0x55a52aca36d6 <unknown>
#17 0x55a52acb4586 <unknown>
#18 0x7fd7d749caa4 <unknown>
#19 0x7fd7d7529c3c <unknown>

2025-05-29 11:15:33,947 - WARNING - Could not check application status for Devops/MLops/Python/Kubernetes — Message: no such element: Unable to locate element: {"method":"tag name","selector":"apply-button-wc"}
  (Session info: chrome=136.0.7103.92); For documentation on this error, please visit: https://www.selenium.dev/documentation/webdriver/troubleshooting/errors#no-such-element-exception
Stacktrace:
#0 0x55a52acb571a <unknown>
#1 0x55a52a7580a0 <unknown>
#2 0x55a52a7a99b0 <unknown>
#3 0x55a52a7a9ba1 <unknown>
#4 0x55a52a7f7ea4 <unknown>
#5 0x55a52a7cf3cd <unknown>
#6 0x55a52a7f52a0 <unknown>
#7 0x55a52a7cf173 <unknown>
#8 0x55a52a79bd4b <unknown>
#9 0x55a52a79c9b1 <unknown>
#10 0x55a52ac7a8cb <unknown>
#11 0x55a52ac7e7ca <unknown>
#12 0x55a52ac62622 <unknown>
#13 0x55a52ac7f354 <unknown>
#14 0x55a52ac4745f <unknown>
#15 0x55a52aca34f8 <unknown>
#16 0x55a52aca36d6 <unknown>
#17 0x55a52acb4586 <unknown>
#18 0x7fd7d749caa4 <unknown>
#19 0x7fd7d7529c3c <unknown>

2025-05-29 11:15:39,115 - ERROR - Cannot click apply-button-wc for Devops/MLops/Python/Kubernetes: Message: 
Stacktrace:
#0 0x55a52acb571a <unknown>
#1 0x55a52a7580a0 <unknown>
#2 0x55a52a7a99b0 <unknown>
#3 0x55a52a7a9ba1 <unknown>
#4 0x55a52a7f7ea4 <unknown>
#5 0x55a52a7cf3cd <unknown>
#6 0x55a52a7f52a0 <unknown>
#7 0x55a52a7cf173 <unknown>
#8 0x55a52a79bd4b <unknown>
#9 0x55a52a79c9b1 <unknown>
#10 0x55a52ac7a8cb <unknown>
#11 0x55a52ac7e7ca <unknown>
#12 0x55a52ac62622 <unknown>
#13 0x55a52ac7f354 <unknown>
#14 0x55a52ac4745f <unknown>
#15 0x55a52aca34f8 <unknown>
#16 0x55a52aca36d6 <unknown>
#17 0x55a52acb4586 <unknown>
#18 0x7fd7d749caa4 <unknown>
#19 0x7fd7d7529c3c <unknown>

2025-05-29 11:15:55,083 - WARNING - Could not check application status for Sr Python Developer with Azure AI — Message: no such element: Unable to locate element: {"method":"tag name","selector":"apply-button-wc"}
  (Session info: chrome=136.0.7103.92); For documentation on this error, please visit: https://www.selenium.dev/documentation/webdriver/troubleshooting/errors#no-such-element-exception
Stacktrace:
#0 0x55a52acb571a <unknown>
#1 0x55a52a7580a0 <unknown>
#2 0x55a52a7a99b0 <unknown>
#3 0x55a52a7a9ba1 <unknown>
#4 0x55a52a7f7ea4 <unknown>
#5 0x55a52a7cf3cd <unknown>
#6 0x55a52a7f52a0 <unknown>
#7 0x55a52a7cf173 <unknown>
#8 0x55a52a79bd4b <unknown>
#9 0x55a52a79c9b1 <unknown>
#10 0x55a52ac7a8cb <unknown>
#11 0x55a52ac7e7ca <unknown>
#12 0x55a52ac62622 <unknown>
#13 0x55a52ac7f354 <unknown>
#14 0x55a52ac4745f <unknown>
#15 0x55a52aca34f8 <unknown>
#16 0x55a52aca36d6 <unknown>
#17 0x55a52acb4586 <unknown>
#18 0x7fd7d749caa4 <unknown>
#19 0x7fd7d7529c3c <unknown>

2025-05-29 11:16:00,247 - ERROR - Cannot click apply-button-wc for Sr Python Developer with Azure AI: Message: 
Stacktrace:
#0 0x55a52acb571a <unknown>
#1 0x55a52a7580a0 <unknown>
#2 0x55a52a7a99b0 <unknown>
#3 0x55a52a7a9ba1 <unknown>
#4 0x55a52a7f7ea4 <unknown>
#5 0x55a52a7cf3cd <unknown>
#6 0x55a52a7f52a0 <unknown>
#7 0x55a52a7cf173 <unknown>
#8 0x55a52a79bd4b <unknown>
#9 0x55a52a79c9b1 <unknown>
#10 0x55a52ac7a8cb <unknown>
#11 0x55a52ac7e7ca <unknown>
#12 0x55a52ac62622 <unknown>
#13 0x55a52ac7f354 <unknown>
#14 0x55a52ac4745f <unknown>
#15 0x55a52aca34f8 <unknown>
#16 0x55a52aca36d6 <unknown>
#17 0x55a52acb4586 <unknown>
#18 0x7fd7d749caa4 <unknown>
#19 0x7fd7d7529c3c <unknown>

2025-05-29 11:16:17,390 - WARNING - Could not check application status for RPA Developer- UIpath, Automation, Agentic AI, Document understanding- Must be on our w2 — Message: no such element: Unable to locate element: {"method":"tag name","selector":"apply-button-wc"}
  (Session info: chrome=136.0.7103.92); For documentation on this error, please visit: https://www.selenium.dev/documentation/webdriver/troubleshooting/errors#no-such-element-exception
Stacktrace:
#0 0x55a52acb571a <unknown>
#1 0x55a52a7580a0 <unknown>
#2 0x55a52a7a99b0 <unknown>
#3 0x55a52a7a9ba1 <unknown>
#4 0x55a52a7f7ea4 <unknown>
#5 0x55a52a7cf3cd <unknown>
#6 0x55a52a7f52a0 <unknown>
#7 0x55a52a7cf173 <unknown>
#8 0x55a52a79bd4b <unknown>
#9 0x55a52a79c9b1 <unknown>
#10 0x55a52ac7a8cb <unknown>
#11 0x55a52ac7e7ca <unknown>
#12 0x55a52ac62622 <unknown>
#13 0x55a52ac7f354 <unknown>
#14 0x55a52ac4745f <unknown>
#15 0x55a52aca34f8 <unknown>
#16 0x55a52aca36d6 <unknown>
#17 0x55a52acb4586 <unknown>
#18 0x7fd7d749caa4 <unknown>
#19 0x7fd7d7529c3c <unknown>

2025-05-29 11:16:22,589 - ERROR - Cannot click apply-button-wc for RPA Developer- UIpath, Automation, Agentic AI, Document understanding- Must be on our w2: Message: 
Stacktrace:
#0 0x55a52acb571a <unknown>
#1 0x55a52a7580a0 <unknown>
#2 0x55a52a7a99b0 <unknown>
#3 0x55a52a7a9ba1 <unknown>
#4 0x55a52a7f7ea4 <unknown>
#5 0x55a52a7cf3cd <unknown>
#6 0x55a52a7f52a0 <unknown>
#7 0x55a52a7cf173 <unknown>
#8 0x55a52a79bd4b <unknown>
#9 0x55a52a79c9b1 <unknown>
#10 0x55a52ac7a8cb <unknown>
#11 0x55a52ac7e7ca <unknown>
#12 0x55a52ac62622 <unknown>
#13 0x55a52ac7f354 <unknown>
#14 0x55a52ac4745f <unknown>
#15 0x55a52aca34f8 <unknown>
#16 0x55a52aca36d6 <unknown>
#17 0x55a52acb4586 <unknown>
#18 0x7fd7d749caa4 <unknown>
#19 0x7fd7d7529c3c <unknown>

2025-05-29 11:16:37,306 - WARNING - Could not check application status for Senior Java Developer (Generative AI) - Phoenix, AZ / Irving, TX / Charlotte, NC - W2 ONLY — Message: no such element: Unable to locate element: {"method":"tag name","selector":"apply-button-wc"}
  (Session info: chrome=136.0.7103.92); For documentation on this error, please visit: https://www.selenium.dev/documentation/webdriver/troubleshooting/errors#no-such-element-exception
Stacktrace:
#0 0x55a52acb571a <unknown>
#1 0x55a52a7580a0 <unknown>
#2 0x55a52a7a99b0 <unknown>
#3 0x55a52a7a9ba1 <unknown>
#4 0x55a52a7f7ea4 <unknown>
#5 0x55a52a7cf3cd <unknown>
#6 0x55a52a7f52a0 <unknown>
#7 0x55a52a7cf173 <unknown>
#8 0x55a52a79bd4b <unknown>
#9 0x55a52a79c9b1 <unknown>
#10 0x55a52ac7a8cb <unknown>
#11 0x55a52ac7e7ca <unknown>
#12 0x55a52ac62622 <unknown>
#13 0x55a52ac7f354 <unknown>
#14 0x55a52ac4745f <unknown>
#15 0x55a52aca34f8 <unknown>
#16 0x55a52aca36d6 <unknown>
#17 0x55a52acb4586 <unknown>
#18 0x7fd7d749caa4 <unknown>
#19 0x7fd7d7529c3c <unknown>

2025-05-29 11:16:42,474 - ERROR - Cannot click apply-button-wc for Senior Java Developer (Generative AI) - Phoenix, AZ / Irving, TX / Charlotte, NC - W2 ONLY: Message: 
Stacktrace:
#0 0x55a52acb571a <unknown>
#1 0x55a52a7580a0 <unknown>
#2 0x55a52a7a99b0 <unknown>
#3 0x55a52a7a9ba1 <unknown>
#4 0x55a52a7f7ea4 <unknown>
#5 0x55a52a7cf3cd <unknown>
#6 0x55a52a7f52a0 <unknown>
#7 0x55a52a7cf173 <unknown>
#8 0x55a52a79bd4b <unknown>
#9 0x55a52a79c9b1 <unknown>
#10 0x55a52ac7a8cb <unknown>
#11 0x55a52ac7e7ca <unknown>
#12 0x55a52ac62622 <unknown>
#13 0x55a52ac7f354 <unknown>
#14 0x55a52ac4745f <unknown>
#15 0x55a52aca34f8 <unknown>
#16 0x55a52aca36d6 <unknown>
#17 0x55a52acb4586 <unknown>
#18 0x7fd7d749caa4 <unknown>
#19 0x7fd7d7529c3c <unknown>

2025-05-29 11:16:56,425 - WARNING - Could not check application status for Generative AI Solution Architect — Message: no such element: Unable to locate element: {"method":"tag name","selector":"apply-button-wc"}
  (Session info: chrome=136.0.7103.92); For documentation on this error, please visit: https://www.selenium.dev/documentation/webdriver/troubleshooting/errors#no-such-element-exception
Stacktrace:
#0 0x55a52acb571a <unknown>
#1 0x55a52a7580a0 <unknown>
#2 0x55a52a7a99b0 <unknown>
#3 0x55a52a7a9ba1 <unknown>
#4 0x55a52a7f7ea4 <unknown>
#5 0x55a52a7cf3cd <unknown>
#6 0x55a52a7f52a0 <unknown>
#7 0x55a52a7cf173 <unknown>
#8 0x55a52a79bd4b <unknown>
#9 0x55a52a79c9b1 <unknown>
#10 0x55a52ac7a8cb <unknown>
#11 0x55a52ac7e7ca <unknown>
#12 0x55a52ac62622 <unknown>
#13 0x55a52ac7f354 <unknown>
#14 0x55a52ac4745f <unknown>
#15 0x55a52aca34f8 <unknown>
#16 0x55a52aca36d6 <unknown>
#17 0x55a52acb4586 <unknown>
#18 0x7fd7d749caa4 <unknown>
#19 0x7fd7d7529c3c <unknown>

2025-05-29 11:17:01,610 - ERROR - Cannot click apply-button-wc for Generative AI Solution Architect: Message: 
Stacktrace:
#0 0x55a52acb571a <unknown>
#1 0x55a52a7580a0 <unknown>
#2 0x55a52a7a99b0 <unknown>
#3 0x55a52a7a9ba1 <unknown>
#4 0x55a52a7f7ea4 <unknown>
#5 0x55a52a7cf3cd <unknown>
#6 0x55a52a7f52a0 <unknown>
#7 0x55a52a7cf173 <unknown>
#8 0x55a52a79bd4b <unknown>
#9 0x55a52a79c9b1 <unknown>
#10 0x55a52ac7a8cb <unknown>
#11 0x55a52ac7e7ca <unknown>
#12 0x55a52ac62622 <unknown>
#13 0x55a52ac7f354 <unknown>
#14 0x55a52ac4745f <unknown>
#15 0x55a52aca34f8 <unknown>
#16 0x55a52aca36d6 <unknown>
#17 0x55a52acb4586 <unknown>
#18 0x7fd7d749caa4 <unknown>
#19 0x7fd7d7529c3c <unknown>

2025-05-29 11:17:16,497 - INFO - SKIPPED (already applied): MLOps Engineer - https://www.dice.com/job-detail/a992cbba-134f-46e4-ab31-b0f826ba96fc
2025-05-29 11:17:16,497 - WARNING - Could not check application status for MLOps Engineer — local variable 'SKIPPED' referenced before assignment
2025-05-29 11:17:28,888 - ERROR - [ERROR] Cannot click first NEXT button for MLOps Engineer: Message: 
Stacktrace:
#0 0x55a52acb571a <unknown>
#1 0x55a52a7580a0 <unknown>
#2 0x55a52a7a99b0 <unknown>
#3 0x55a52a7a9ba1 <unknown>
#4 0x55a52a7f7ea4 <unknown>
#5 0x55a52a7cf3cd <unknown>
#6 0x55a52a7f52a0 <unknown>
#7 0x55a52a7cf173 <unknown>
#8 0x55a52a79bd4b <unknown>
#9 0x55a52a79c9b1 <unknown>
#10 0x55a52ac7a8cb <unknown>
#11 0x55a52ac7e7ca <unknown>
#12 0x55a52ac62622 <unknown>
#13 0x55a52ac7f354 <unknown>
#14 0x55a52ac4745f <unknown>
#15 0x55a52aca34f8 <unknown>
#16 0x55a52aca36d6 <unknown>
#17 0x55a52acb4586 <unknown>
#18 0x7fd7d749caa4 <unknown>
#19 0x7fd7d7529c3c <unknown>

2025-05-29 11:17:45,908 - INFO - SKIPPED (already applied): Full Stack Python Developer - https://www.dice.com/job-detail/e2398e74-8805-48a9-be75-0de775c6698f
2025-05-29 11:17:45,908 - WARNING - Could not check application status for Full Stack Python Developer — local variable 'SKIPPED' referenced before assignment
2025-05-29 11:17:58,294 - ERROR - [ERROR] Cannot click first NEXT button for Full Stack Python Developer: Message: 
Stacktrace:
#0 0x55a52acb571a <unknown>
#1 0x55a52a7580a0 <unknown>
#2 0x55a52a7a99b0 <unknown>
#3 0x55a52a7a9ba1 <unknown>
#4 0x55a52a7f7ea4 <unknown>
#5 0x55a52a7cf3cd <unknown>
#6 0x55a52a7f52a0 <unknown>
#7 0x55a52a7cf173 <unknown>
#8 0x55a52a79bd4b <unknown>
#9 0x55a52a79c9b1 <unknown>
#10 0x55a52ac7a8cb <unknown>
#11 0x55a52ac7e7ca <unknown>
#12 0x55a52ac62622 <unknown>
#13 0x55a52ac7f354 <unknown>
#14 0x55a52ac4745f <unknown>
#15 0x55a52aca34f8 <unknown>
#16 0x55a52aca36d6 <unknown>
#17 0x55a52acb4586 <unknown>
#18 0x7fd7d749caa4 <unknown>
#19 0x7fd7d7529c3c <unknown>

2025-05-29 11:18:12,924 - WARNING - Could not check application status for Machine Learning Engineer with Generative AI — Message: no such element: Unable to locate element: {"method":"tag name","selector":"apply-button-wc"}
  (Session info: chrome=136.0.7103.92); For documentation on this error, please visit: https://www.selenium.dev/documentation/webdriver/troubleshooting/errors#no-such-element-exception
Stacktrace:
#0 0x55a52acb571a <unknown>
#1 0x55a52a7580a0 <unknown>
#2 0x55a52a7a99b0 <unknown>
#3 0x55a52a7a9ba1 <unknown>
#4 0x55a52a7f7ea4 <unknown>
#5 0x55a52a7cf3cd <unknown>
#6 0x55a52a7f52a0 <unknown>
#7 0x55a52a7cf173 <unknown>
#8 0x55a52a79bd4b <unknown>
#9 0x55a52a79c9b1 <unknown>
#10 0x55a52ac7a8cb <unknown>
#11 0x55a52ac7e7ca <unknown>
#12 0x55a52ac62622 <unknown>
#13 0x55a52ac7f354 <unknown>
#14 0x55a52ac4745f <unknown>
#15 0x55a52aca34f8 <unknown>
#16 0x55a52aca36d6 <unknown>
#17 0x55a52acb4586 <unknown>
#18 0x7fd7d749caa4 <unknown>
#19 0x7fd7d7529c3c <unknown>

2025-05-29 11:18:18,087 - ERROR - Cannot click apply-button-wc for Machine Learning Engineer with Generative AI: Message: 
Stacktrace:
#0 0x55a52acb571a <unknown>
#1 0x55a52a7580a0 <unknown>
#2 0x55a52a7a99b0 <unknown>
#3 0x55a52a7a9ba1 <unknown>
#4 0x55a52a7f7ea4 <unknown>
#5 0x55a52a7cf3cd <unknown>
#6 0x55a52a7f52a0 <unknown>
#7 0x55a52a7cf173 <unknown>
#8 0x55a52a79bd4b <unknown>
#9 0x55a52a79c9b1 <unknown>
#10 0x55a52ac7a8cb <unknown>
#11 0x55a52ac7e7ca <unknown>
#12 0x55a52ac62622 <unknown>
#13 0x55a52ac7f354 <unknown>
#14 0x55a52ac4745f <unknown>
#15 0x55a52aca34f8 <unknown>
#16 0x55a52aca36d6 <unknown>
#17 0x55a52acb4586 <unknown>
#18 0x7fd7d749caa4 <unknown>
#19 0x7fd7d7529c3c <unknown>

2025-05-29 11:18:32,937 - INFO - SKIPPED (already applied): AI Engineer - https://www.dice.com/job-detail/b1e1c057-792e-47a3-9be3-8951eac36b46
2025-05-29 11:18:32,937 - WARNING - Could not check application status for AI Engineer — local variable 'SKIPPED' referenced before assignment
2025-05-29 11:18:45,342 - ERROR - [ERROR] Cannot click first NEXT button for AI Engineer: Message: 
Stacktrace:
#0 0x55a52acb571a <unknown>
#1 0x55a52a7580a0 <unknown>
#2 0x55a52a7a99b0 <unknown>
#3 0x55a52a7a9ba1 <unknown>
#4 0x55a52a7f7ea4 <unknown>
#5 0x55a52a7cf3cd <unknown>
#6 0x55a52a7f52a0 <unknown>
#7 0x55a52a7cf173 <unknown>
#8 0x55a52a79bd4b <unknown>
#9 0x55a52a79c9b1 <unknown>
#10 0x55a52ac7a8cb <unknown>
#11 0x55a52ac7e7ca <unknown>
#12 0x55a52ac62622 <unknown>
#13 0x55a52ac7f354 <unknown>
#14 0x55a52ac4745f <unknown>
#15 0x55a52aca34f8 <unknown>
#16 0x55a52aca36d6 <unknown>
#17 0x55a52acb4586 <unknown>
#18 0x7fd7d749caa4 <unknown>
#19 0x7fd7d7529c3c <unknown>

2025-05-29 11:19:02,495 - INFO - SKIPPED (already applied): Artificial intelligence for IT Operations (No C2C) - https://www.dice.com/job-detail/3f907305-d051-45f4-8d22-df757804ca86
2025-05-29 11:19:02,495 - WARNING - Could not check application status for Artificial intelligence for IT Operations (No C2C) — local variable 'SKIPPED' referenced before assignment
2025-05-29 11:19:14,878 - ERROR - [ERROR] Cannot click first NEXT button for Artificial intelligence for IT Operations (No C2C): Message: 
Stacktrace:
#0 0x55a52acb571a <unknown>
#1 0x55a52a7580a0 <unknown>
#2 0x55a52a7a99b0 <unknown>
#3 0x55a52a7a9ba1 <unknown>
#4 0x55a52a7f7ea4 <unknown>
#5 0x55a52a7cf3cd <unknown>
#6 0x55a52a7f52a0 <unknown>
#7 0x55a52a7cf173 <unknown>
#8 0x55a52a79bd4b <unknown>
#9 0x55a52a79c9b1 <unknown>
#10 0x55a52ac7a8cb <unknown>
#11 0x55a52ac7e7ca <unknown>
#12 0x55a52ac62622 <unknown>
#13 0x55a52ac7f354 <unknown>
#14 0x55a52ac4745f <unknown>
#15 0x55a52aca34f8 <unknown>
#16 0x55a52aca36d6 <unknown>
#17 0x55a52acb4586 <unknown>
#18 0x7fd7d749caa4 <unknown>
#19 0x7fd7d7529c3c <unknown>

2025-05-29 11:19:28,190 - INFO - SKIPPED (already applied): AI/ML & Gen AI Senior Engineer-Hybrid - https://www.dice.com/job-detail/ddc8461a-0d66-48c0-aa4d-f7e0ff741dcc
2025-05-29 11:19:28,190 - WARNING - Could not check application status for AI/ML & Gen AI Senior Engineer-Hybrid — local variable 'SKIPPED' referenced before assignment
2025-05-29 11:19:40,654 - ERROR - [ERROR] Cannot click first NEXT button for AI/ML & Gen AI Senior Engineer-Hybrid: Message: 
Stacktrace:
#0 0x55a52acb571a <unknown>
#1 0x55a52a7580a0 <unknown>
#2 0x55a52a7a99b0 <unknown>
#3 0x55a52a7a9ba1 <unknown>
#4 0x55a52a7f7ea4 <unknown>
#5 0x55a52a7cf3cd <unknown>
#6 0x55a52a7f52a0 <unknown>
#7 0x55a52a7cf173 <unknown>
#8 0x55a52a79bd4b <unknown>
#9 0x55a52a79c9b1 <unknown>
#10 0x55a52ac7a8cb <unknown>
#11 0x55a52ac7e7ca <unknown>
#12 0x55a52ac62622 <unknown>
#13 0x55a52ac7f354 <unknown>
#14 0x55a52ac4745f <unknown>
#15 0x55a52aca34f8 <unknown>
#16 0x55a52aca36d6 <unknown>
#17 0x55a52acb4586 <unknown>
#18 0x7fd7d749caa4 <unknown>
#19 0x7fd7d7529c3c <unknown>

2025-05-29 11:19:56,360 - WARNING - Could not check application status for AI/ML Subject Matter Experts — Message: no such element: Unable to locate element: {"method":"tag name","selector":"apply-button-wc"}
  (Session info: chrome=136.0.7103.92); For documentation on this error, please visit: https://www.selenium.dev/documentation/webdriver/troubleshooting/errors#no-such-element-exception
Stacktrace:
#0 0x55a52acb571a <unknown>
#1 0x55a52a7580a0 <unknown>
#2 0x55a52a7a99b0 <unknown>
#3 0x55a52a7a9ba1 <unknown>
#4 0x55a52a7f7ea4 <unknown>
#5 0x55a52a7cf3cd <unknown>
#6 0x55a52a7f52a0 <unknown>
#7 0x55a52a7cf173 <unknown>
#8 0x55a52a79bd4b <unknown>
#9 0x55a52a79c9b1 <unknown>
#10 0x55a52ac7a8cb <unknown>
#11 0x55a52ac7e7ca <unknown>
#12 0x55a52ac62622 <unknown>
#13 0x55a52ac7f354 <unknown>
#14 0x55a52ac4745f <unknown>
#15 0x55a52aca34f8 <unknown>
#16 0x55a52aca36d6 <unknown>
#17 0x55a52acb4586 <unknown>
#18 0x7fd7d749caa4 <unknown>
#19 0x7fd7d7529c3c <unknown>

2025-05-29 11:20:01,528 - ERROR - Cannot click apply-button-wc for AI/ML Subject Matter Experts: Message: 
Stacktrace:
#0 0x55a52acb571a <unknown>
#1 0x55a52a7580a0 <unknown>
#2 0x55a52a7a99b0 <unknown>
#3 0x55a52a7a9ba1 <unknown>
#4 0x55a52a7f7ea4 <unknown>
#5 0x55a52a7cf3cd <unknown>
#6 0x55a52a7f52a0 <unknown>
#7 0x55a52a7cf173 <unknown>
#8 0x55a52a79bd4b <unknown>
#9 0x55a52a79c9b1 <unknown>
#10 0x55a52ac7a8cb <unknown>
#11 0x55a52ac7e7ca <unknown>
#12 0x55a52ac62622 <unknown>
#13 0x55a52ac7f354 <unknown>
#14 0x55a52ac4745f <unknown>
#15 0x55a52aca34f8 <unknown>
#16 0x55a52aca36d6 <unknown>
#17 0x55a52acb4586 <unknown>
#18 0x7fd7d749caa4 <unknown>
#19 0x7fd7d7529c3c <unknown>

2025-05-29 11:20:21,015 - WARNING - Could not check application status for Need Azure Data Engineer - Houston,TX - Hybrid — Message: no such element: Unable to locate element: {"method":"tag name","selector":"apply-button-wc"}
  (Session info: chrome=136.0.7103.92); For documentation on this error, please visit: https://www.selenium.dev/documentation/webdriver/troubleshooting/errors#no-such-element-exception
Stacktrace:
#0 0x55a52acb571a <unknown>
#1 0x55a52a7580a0 <unknown>
#2 0x55a52a7a99b0 <unknown>
#3 0x55a52a7a9ba1 <unknown>
#4 0x55a52a7f7ea4 <unknown>
#5 0x55a52a7cf3cd <unknown>
#6 0x55a52a7f52a0 <unknown>
#7 0x55a52a7cf173 <unknown>
#8 0x55a52a79bd4b <unknown>
#9 0x55a52a79c9b1 <unknown>
#10 0x55a52ac7a8cb <unknown>
#11 0x55a52ac7e7ca <unknown>
#12 0x55a52ac62622 <unknown>
#13 0x55a52ac7f354 <unknown>
#14 0x55a52ac4745f <unknown>
#15 0x55a52aca34f8 <unknown>
#16 0x55a52aca36d6 <unknown>
#17 0x55a52acb4586 <unknown>
#18 0x7fd7d749caa4 <unknown>
#19 0x7fd7d7529c3c <unknown>

2025-05-29 11:20:26,231 - ERROR - Cannot click apply-button-wc for Need Azure Data Engineer - Houston,TX - Hybrid: Message: 
Stacktrace:
#0 0x55a52acb571a <unknown>
#1 0x55a52a7580a0 <unknown>
#2 0x55a52a7a99b0 <unknown>
#3 0x55a52a7a9ba1 <unknown>
#4 0x55a52a7f7ea4 <unknown>
#5 0x55a52a7cf3cd <unknown>
#6 0x55a52a7f52a0 <unknown>
#7 0x55a52a7cf173 <unknown>
#8 0x55a52a79bd4b <unknown>
#9 0x55a52a79c9b1 <unknown>
#10 0x55a52ac7a8cb <unknown>
#11 0x55a52ac7e7ca <unknown>
#12 0x55a52ac62622 <unknown>
#13 0x55a52ac7f354 <unknown>
#14 0x55a52ac4745f <unknown>
#15 0x55a52aca34f8 <unknown>
#16 0x55a52aca36d6 <unknown>
#17 0x55a52acb4586 <unknown>
#18 0x7fd7d749caa4 <unknown>
#19 0x7fd7d7529c3c <unknown>

2025-05-29 11:20:44,833 - WARNING - Could not check application status for Data Scientist — Message: no such element: Unable to locate element: {"method":"tag name","selector":"apply-button-wc"}
  (Session info: chrome=136.0.7103.92); For documentation on this error, please visit: https://www.selenium.dev/documentation/webdriver/troubleshooting/errors#no-such-element-exception
Stacktrace:
#0 0x55a52acb571a <unknown>
#1 0x55a52a7580a0 <unknown>
#2 0x55a52a7a99b0 <unknown>
#3 0x55a52a7a9ba1 <unknown>
#4 0x55a52a7f7ea4 <unknown>
#5 0x55a52a7cf3cd <unknown>
#6 0x55a52a7f52a0 <unknown>
#7 0x55a52a7cf173 <unknown>
#8 0x55a52a79bd4b <unknown>
#9 0x55a52a79c9b1 <unknown>
#10 0x55a52ac7a8cb <unknown>
#11 0x55a52ac7e7ca <unknown>
#12 0x55a52ac62622 <unknown>
#13 0x55a52ac7f354 <unknown>
#14 0x55a52ac4745f <unknown>
#15 0x55a52aca34f8 <unknown>
#16 0x55a52aca36d6 <unknown>
#17 0x55a52acb4586 <unknown>
#18 0x7fd7d749caa4 <unknown>
#19 0x7fd7d7529c3c <unknown>

2025-05-29 11:20:50,001 - ERROR - Cannot click apply-button-wc for Data Scientist: Message: 
Stacktrace:
#0 0x55a52acb571a <unknown>
#1 0x55a52a7580a0 <unknown>
#2 0x55a52a7a99b0 <unknown>
#3 0x55a52a7a9ba1 <unknown>
#4 0x55a52a7f7ea4 <unknown>
#5 0x55a52a7cf3cd <unknown>
#6 0x55a52a7f52a0 <unknown>
#7 0x55a52a7cf173 <unknown>
#8 0x55a52a79bd4b <unknown>
#9 0x55a52a79c9b1 <unknown>
#10 0x55a52ac7a8cb <unknown>
#11 0x55a52ac7e7ca <unknown>
#12 0x55a52ac62622 <unknown>
#13 0x55a52ac7f354 <unknown>
#14 0x55a52ac4745f <unknown>
#15 0x55a52aca34f8 <unknown>
#16 0x55a52aca36d6 <unknown>
#17 0x55a52acb4586 <unknown>
#18 0x7fd7d749caa4 <unknown>
#19 0x7fd7d7529c3c <unknown>

2025-05-29 11:21:08,109 - WARNING - Could not check application status for AI Solutions Architect ( LLM & Generative AI ) — Message: no such element: Unable to locate element: {"method":"tag name","selector":"apply-button-wc"}
  (Session info: chrome=136.0.7103.92); For documentation on this error, please visit: https://www.selenium.dev/documentation/webdriver/troubleshooting/errors#no-such-element-exception
Stacktrace:
#0 0x55a52acb571a <unknown>
#1 0x55a52a7580a0 <unknown>
#2 0x55a52a7a99b0 <unknown>
#3 0x55a52a7a9ba1 <unknown>
#4 0x55a52a7f7ea4 <unknown>
#5 0x55a52a7cf3cd <unknown>
#6 0x55a52a7f52a0 <unknown>
#7 0x55a52a7cf173 <unknown>
#8 0x55a52a79bd4b <unknown>
#9 0x55a52a79c9b1 <unknown>
#10 0x55a52ac7a8cb <unknown>
#11 0x55a52ac7e7ca <unknown>
#12 0x55a52ac62622 <unknown>
#13 0x55a52ac7f354 <unknown>
#14 0x55a52ac4745f <unknown>
#15 0x55a52aca34f8 <unknown>
#16 0x55a52aca36d6 <unknown>
#17 0x55a52acb4586 <unknown>
#18 0x7fd7d749caa4 <unknown>
#19 0x7fd7d7529c3c <unknown>

2025-05-29 11:21:13,306 - ERROR - Cannot click apply-button-wc for AI Solutions Architect ( LLM & Generative AI ): Message: 
Stacktrace:
#0 0x55a52acb571a <unknown>
#1 0x55a52a7580a0 <unknown>
#2 0x55a52a7a99b0 <unknown>
#3 0x55a52a7a9ba1 <unknown>
#4 0x55a52a7f7ea4 <unknown>
#5 0x55a52a7cf3cd <unknown>
#6 0x55a52a7f52a0 <unknown>
#7 0x55a52a7cf173 <unknown>
#8 0x55a52a79bd4b <unknown>
#9 0x55a52a79c9b1 <unknown>
#10 0x55a52ac7a8cb <unknown>
#11 0x55a52ac7e7ca <unknown>
#12 0x55a52ac62622 <unknown>
#13 0x55a52ac7f354 <unknown>
#14 0x55a52ac4745f <unknown>
#15 0x55a52aca34f8 <unknown>
#16 0x55a52aca36d6 <unknown>
#17 0x55a52acb4586 <unknown>
#18 0x7fd7d749caa4 <unknown>
#19 0x7fd7d7529c3c <unknown>

2025-05-29 11:21:31,810 - INFO - SKIPPED (already applied): AI /ML Data Engineering Specialist - https://www.dice.com/job-detail/9d2db3d0-d540-406f-9956-b10828f61b83
2025-05-29 11:21:31,810 - WARNING - Could not check application status for AI /ML Data Engineering Specialist — local variable 'SKIPPED' referenced before assignment
2025-05-29 11:21:44,213 - ERROR - [ERROR] Cannot click first NEXT button for AI /ML Data Engineering Specialist: Message: 
Stacktrace:
#0 0x55a52acb571a <unknown>
#1 0x55a52a7580a0 <unknown>
#2 0x55a52a7a99b0 <unknown>
#3 0x55a52a7a9ba1 <unknown>
#4 0x55a52a7f7ea4 <unknown>
#5 0x55a52a7cf3cd <unknown>
#6 0x55a52a7f52a0 <unknown>
#7 0x55a52a7cf173 <unknown>
#8 0x55a52a79bd4b <unknown>
#9 0x55a52a79c9b1 <unknown>
#10 0x55a52ac7a8cb <unknown>
#11 0x55a52ac7e7ca <unknown>
#12 0x55a52ac62622 <unknown>
#13 0x55a52ac7f354 <unknown>
#14 0x55a52ac4745f <unknown>
#15 0x55a52aca34f8 <unknown>
#16 0x55a52aca36d6 <unknown>
#17 0x55a52acb4586 <unknown>
#18 0x7fd7d749caa4 <unknown>
#19 0x7fd7d7529c3c <unknown>

2025-05-29 11:21:58,459 - INFO - SKIPPED (already applied): MLOps Engineer - https://www.dice.com/job-detail/a992cbba-134f-46e4-ab31-b0f826ba96fc
2025-05-29 11:21:58,459 - WARNING - Could not check application status for MLOps Engineer — local variable 'SKIPPED' referenced before assignment
2025-05-29 11:22:10,874 - ERROR - [ERROR] Cannot click first NEXT button for MLOps Engineer: Message: 
Stacktrace:
#0 0x55a52acb571a <unknown>
#1 0x55a52a7580a0 <unknown>
#2 0x55a52a7a99b0 <unknown>
#3 0x55a52a7a9ba1 <unknown>
#4 0x55a52a7f7ea4 <unknown>
#5 0x55a52a7cf3cd <unknown>
#6 0x55a52a7f52a0 <unknown>
#7 0x55a52a7cf173 <unknown>
#8 0x55a52a79bd4b <unknown>
#9 0x55a52a79c9b1 <unknown>
#10 0x55a52ac7a8cb <unknown>
#11 0x55a52ac7e7ca <unknown>
#12 0x55a52ac62622 <unknown>
#13 0x55a52ac7f354 <unknown>
#14 0x55a52ac4745f <unknown>
#15 0x55a52aca34f8 <unknown>
#16 0x55a52aca36d6 <unknown>
#17 0x55a52acb4586 <unknown>
#18 0x7fd7d749caa4 <unknown>
#19 0x7fd7d7529c3c <unknown>

2025-05-29 11:22:26,184 - WARNING - Could not check application status for Python Developer — Message: no such element: Unable to locate element: {"method":"tag name","selector":"apply-button-wc"}
  (Session info: chrome=136.0.7103.92); For documentation on this error, please visit: https://www.selenium.dev/documentation/webdriver/troubleshooting/errors#no-such-element-exception
Stacktrace:
#0 0x55a52acb571a <unknown>
#1 0x55a52a7580a0 <unknown>
#2 0x55a52a7a99b0 <unknown>
#3 0x55a52a7a9ba1 <unknown>
#4 0x55a52a7f7ea4 <unknown>
#5 0x55a52a7cf3cd <unknown>
#6 0x55a52a7f52a0 <unknown>
#7 0x55a52a7cf173 <unknown>
#8 0x55a52a79bd4b <unknown>
#9 0x55a52a79c9b1 <unknown>
#10 0x55a52ac7a8cb <unknown>
#11 0x55a52ac7e7ca <unknown>
#12 0x55a52ac62622 <unknown>
#13 0x55a52ac7f354 <unknown>
#14 0x55a52ac4745f <unknown>
#15 0x55a52aca34f8 <unknown>
#16 0x55a52aca36d6 <unknown>
#17 0x55a52acb4586 <unknown>
#18 0x7fd7d749caa4 <unknown>
#19 0x7fd7d7529c3c <unknown>

2025-05-29 11:22:31,352 - ERROR - Cannot click apply-button-wc for Python Developer: Message: 
Stacktrace:
#0 0x55a52acb571a <unknown>
#1 0x55a52a7580a0 <unknown>
#2 0x55a52a7a99b0 <unknown>
#3 0x55a52a7a9ba1 <unknown>
#4 0x55a52a7f7ea4 <unknown>
#5 0x55a52a7cf3cd <unknown>
#6 0x55a52a7f52a0 <unknown>
#7 0x55a52a7cf173 <unknown>
#8 0x55a52a79bd4b <unknown>
#9 0x55a52a79c9b1 <unknown>
#10 0x55a52ac7a8cb <unknown>
#11 0x55a52ac7e7ca <unknown>
#12 0x55a52ac62622 <unknown>
#13 0x55a52ac7f354 <unknown>
#14 0x55a52ac4745f <unknown>
#15 0x55a52aca34f8 <unknown>
#16 0x55a52aca36d6 <unknown>
#17 0x55a52acb4586 <unknown>
#18 0x7fd7d749caa4 <unknown>
#19 0x7fd7d7529c3c <unknown>

2025-05-29 11:22:49,056 - INFO - SKIPPED (already applied): AI/ML & Gen AI Senior Engineer-Hybrid - https://www.dice.com/job-detail/ddc8461a-0d66-48c0-aa4d-f7e0ff741dcc
2025-05-29 11:22:49,056 - WARNING - Could not check application status for AI/ML & Gen AI Senior Engineer-Hybrid — local variable 'SKIPPED' referenced before assignment
2025-05-29 11:23:01,445 - ERROR - [ERROR] Cannot click first NEXT button for AI/ML & Gen AI Senior Engineer-Hybrid: Message: 
Stacktrace:
#0 0x55a52acb571a <unknown>
#1 0x55a52a7580a0 <unknown>
#2 0x55a52a7a99b0 <unknown>
#3 0x55a52a7a9ba1 <unknown>
#4 0x55a52a7f7ea4 <unknown>
#5 0x55a52a7cf3cd <unknown>
#6 0x55a52a7f52a0 <unknown>
#7 0x55a52a7cf173 <unknown>
#8 0x55a52a79bd4b <unknown>
#9 0x55a52a79c9b1 <unknown>
#10 0x55a52ac7a8cb <unknown>
#11 0x55a52ac7e7ca <unknown>
#12 0x55a52ac62622 <unknown>
#13 0x55a52ac7f354 <unknown>
#14 0x55a52ac4745f <unknown>
#15 0x55a52aca34f8 <unknown>
#16 0x55a52aca36d6 <unknown>
#17 0x55a52acb4586 <unknown>
#18 0x7fd7d749caa4 <unknown>
#19 0x7fd7d7529c3c <unknown>

2025-05-29 11:23:15,890 - INFO - SKIPPED (already applied): AI/ML with VectorDB - https://www.dice.com/job-detail/908c6209-a4fb-49c8-aee7-b6969d435351
2025-05-29 11:23:15,890 - WARNING - Could not check application status for AI/ML with VectorDB — local variable 'SKIPPED' referenced before assignment
2025-05-29 11:23:28,275 - ERROR - [ERROR] Cannot click first NEXT button for AI/ML with VectorDB: Message: 
Stacktrace:
#0 0x55a52acb571a <unknown>
#1 0x55a52a7580a0 <unknown>
#2 0x55a52a7a99b0 <unknown>
#3 0x55a52a7a9ba1 <unknown>
#4 0x55a52a7f7ea4 <unknown>
#5 0x55a52a7cf3cd <unknown>
#6 0x55a52a7f52a0 <unknown>
#7 0x55a52a7cf173 <unknown>
#8 0x55a52a79bd4b <unknown>
#9 0x55a52a79c9b1 <unknown>
#10 0x55a52ac7a8cb <unknown>
#11 0x55a52ac7e7ca <unknown>
#12 0x55a52ac62622 <unknown>
#13 0x55a52ac7f354 <unknown>
#14 0x55a52ac4745f <unknown>
#15 0x55a52aca34f8 <unknown>
#16 0x55a52aca36d6 <unknown>
#17 0x55a52acb4586 <unknown>
#18 0x7fd7d749caa4 <unknown>
#19 0x7fd7d7529c3c <unknown>

2025-05-29 11:23:44,679 - WARNING - Could not check application status for Java Developer with AI/ML experience // Hybrid Role in CA // Locals Only — Message: no such element: Unable to locate element: {"method":"tag name","selector":"apply-button-wc"}
  (Session info: chrome=136.0.7103.92); For documentation on this error, please visit: https://www.selenium.dev/documentation/webdriver/troubleshooting/errors#no-such-element-exception
Stacktrace:
#0 0x55a52acb571a <unknown>
#1 0x55a52a7580a0 <unknown>
#2 0x55a52a7a99b0 <unknown>
#3 0x55a52a7a9ba1 <unknown>
#4 0x55a52a7f7ea4 <unknown>
#5 0x55a52a7cf3cd <unknown>
#6 0x55a52a7f52a0 <unknown>
#7 0x55a52a7cf173 <unknown>
#8 0x55a52a79bd4b <unknown>
#9 0x55a52a79c9b1 <unknown>
#10 0x55a52ac7a8cb <unknown>
#11 0x55a52ac7e7ca <unknown>
#12 0x55a52ac62622 <unknown>
#13 0x55a52ac7f354 <unknown>
#14 0x55a52ac4745f <unknown>
#15 0x55a52aca34f8 <unknown>
#16 0x55a52aca36d6 <unknown>
#17 0x55a52acb4586 <unknown>
#18 0x7fd7d749caa4 <unknown>
#19 0x7fd7d7529c3c <unknown>

2025-05-29 11:23:49,873 - ERROR - Cannot click apply-button-wc for Java Developer with AI/ML experience // Hybrid Role in CA // Locals Only: Message: 
Stacktrace:
#0 0x55a52acb571a <unknown>
#1 0x55a52a7580a0 <unknown>
#2 0x55a52a7a99b0 <unknown>
#3 0x55a52a7a9ba1 <unknown>
#4 0x55a52a7f7ea4 <unknown>
#5 0x55a52a7cf3cd <unknown>
#6 0x55a52a7f52a0 <unknown>
#7 0x55a52a7cf173 <unknown>
#8 0x55a52a79bd4b <unknown>
#9 0x55a52a79c9b1 <unknown>
#10 0x55a52ac7a8cb <unknown>
#11 0x55a52ac7e7ca <unknown>
#12 0x55a52ac62622 <unknown>
#13 0x55a52ac7f354 <unknown>
#14 0x55a52ac4745f <unknown>
#15 0x55a52aca34f8 <unknown>
#16 0x55a52aca36d6 <unknown>
#17 0x55a52acb4586 <unknown>
#18 0x7fd7d749caa4 <unknown>
#19 0x7fd7d7529c3c <unknown>

2025-05-29 11:24:03,243 - INFO - SKIPPED (already applied): Technical Project Manager with AI / ML need Local to California - https://www.dice.com/job-detail/3a3d6661-9dc0-47b9-bccd-0cee3c94c029
2025-05-29 11:24:03,243 - WARNING - Could not check application status for Technical Project Manager with AI / ML need Local to California — local variable 'SKIPPED' referenced before assignment
2025-05-29 11:24:15,665 - ERROR - [ERROR] Cannot click first NEXT button for Technical Project Manager with AI / ML need Local to California: Message: 
Stacktrace:
#0 0x55a52acb571a <unknown>
#1 0x55a52a7580a0 <unknown>
#2 0x55a52a7a99b0 <unknown>
#3 0x55a52a7a9ba1 <unknown>
#4 0x55a52a7f7ea4 <unknown>
#5 0x55a52a7cf3cd <unknown>
#6 0x55a52a7f52a0 <unknown>
#7 0x55a52a7cf173 <unknown>
#8 0x55a52a79bd4b <unknown>
#9 0x55a52a79c9b1 <unknown>
#10 0x55a52ac7a8cb <unknown>
#11 0x55a52ac7e7ca <unknown>
#12 0x55a52ac62622 <unknown>
#13 0x55a52ac7f354 <unknown>
#14 0x55a52ac4745f <unknown>
#15 0x55a52aca34f8 <unknown>
#16 0x55a52aca36d6 <unknown>
#17 0x55a52acb4586 <unknown>
#18 0x7fd7d749caa4 <unknown>
#19 0x7fd7d7529c3c <unknown>

2025-05-29 11:24:31,373 - WARNING - Could not check application status for Data Scientist — Message: no such element: Unable to locate element: {"method":"tag name","selector":"apply-button-wc"}
  (Session info: chrome=136.0.7103.92); For documentation on this error, please visit: https://www.selenium.dev/documentation/webdriver/troubleshooting/errors#no-such-element-exception
Stacktrace:
#0 0x55a52acb571a <unknown>
#1 0x55a52a7580a0 <unknown>
#2 0x55a52a7a99b0 <unknown>
#3 0x55a52a7a9ba1 <unknown>
#4 0x55a52a7f7ea4 <unknown>
#5 0x55a52a7cf3cd <unknown>
#6 0x55a52a7f52a0 <unknown>
#7 0x55a52a7cf173 <unknown>
#8 0x55a52a79bd4b <unknown>
#9 0x55a52a79c9b1 <unknown>
#10 0x55a52ac7a8cb <unknown>
#11 0x55a52ac7e7ca <unknown>
#12 0x55a52ac62622 <unknown>
#13 0x55a52ac7f354 <unknown>
#14 0x55a52ac4745f <unknown>
#15 0x55a52aca34f8 <unknown>
#16 0x55a52aca36d6 <unknown>
#17 0x55a52acb4586 <unknown>
#18 0x7fd7d749caa4 <unknown>
#19 0x7fd7d7529c3c <unknown>

2025-05-29 11:24:36,545 - ERROR - Cannot click apply-button-wc for Data Scientist: Message: 
Stacktrace:
#0 0x55a52acb571a <unknown>
#1 0x55a52a7580a0 <unknown>
#2 0x55a52a7a99b0 <unknown>
#3 0x55a52a7a9ba1 <unknown>
#4 0x55a52a7f7ea4 <unknown>
#5 0x55a52a7cf3cd <unknown>
#6 0x55a52a7f52a0 <unknown>
#7 0x55a52a7cf173 <unknown>
#8 0x55a52a79bd4b <unknown>
#9 0x55a52a79c9b1 <unknown>
#10 0x55a52ac7a8cb <unknown>
#11 0x55a52ac7e7ca <unknown>
#12 0x55a52ac62622 <unknown>
#13 0x55a52ac7f354 <unknown>
#14 0x55a52ac4745f <unknown>
#15 0x55a52aca34f8 <unknown>
#16 0x55a52aca36d6 <unknown>
#17 0x55a52acb4586 <unknown>
#18 0x7fd7d749caa4 <unknown>
#19 0x7fd7d7529c3c <unknown>

2025-05-29 11:24:52,090 - WARNING - Could not check application status for AI/ML Engineer — Message: no such element: Unable to locate element: {"method":"tag name","selector":"apply-button-wc"}
  (Session info: chrome=136.0.7103.92); For documentation on this error, please visit: https://www.selenium.dev/documentation/webdriver/troubleshooting/errors#no-such-element-exception
Stacktrace:
#0 0x55a52acb571a <unknown>
#1 0x55a52a7580a0 <unknown>
#2 0x55a52a7a99b0 <unknown>
#3 0x55a52a7a9ba1 <unknown>
#4 0x55a52a7f7ea4 <unknown>
#5 0x55a52a7cf3cd <unknown>
#6 0x55a52a7f52a0 <unknown>
#7 0x55a52a7cf173 <unknown>
#8 0x55a52a79bd4b <unknown>
#9 0x55a52a79c9b1 <unknown>
#10 0x55a52ac7a8cb <unknown>
#11 0x55a52ac7e7ca <unknown>
#12 0x55a52ac62622 <unknown>
#13 0x55a52ac7f354 <unknown>
#14 0x55a52ac4745f <unknown>
#15 0x55a52aca34f8 <unknown>
#16 0x55a52aca36d6 <unknown>
#17 0x55a52acb4586 <unknown>
#18 0x7fd7d749caa4 <unknown>
#19 0x7fd7d7529c3c <unknown>

2025-05-29 11:24:57,257 - ERROR - Cannot click apply-button-wc for AI/ML Engineer: Message: 
Stacktrace:
#0 0x55a52acb571a <unknown>
#1 0x55a52a7580a0 <unknown>
#2 0x55a52a7a99b0 <unknown>
#3 0x55a52a7a9ba1 <unknown>
#4 0x55a52a7f7ea4 <unknown>
#5 0x55a52a7cf3cd <unknown>
#6 0x55a52a7f52a0 <unknown>
#7 0x55a52a7cf173 <unknown>
#8 0x55a52a79bd4b <unknown>
#9 0x55a52a79c9b1 <unknown>
#10 0x55a52ac7a8cb <unknown>
#11 0x55a52ac7e7ca <unknown>
#12 0x55a52ac62622 <unknown>
#13 0x55a52ac7f354 <unknown>
#14 0x55a52ac4745f <unknown>
#15 0x55a52aca34f8 <unknown>
#16 0x55a52aca36d6 <unknown>
#17 0x55a52acb4586 <unknown>
#18 0x7fd7d749caa4 <unknown>
#19 0x7fd7d7529c3c <unknown>

2025-05-29 11:25:15,480 - INFO - SKIPPED (already applied): GenAI Engineer Marketing Data Chatbot - https://www.dice.com/job-detail/40c788af-5e37-48eb-85da-89e7e3b2e586
2025-05-29 11:25:15,480 - WARNING - Could not check application status for GenAI Engineer Marketing Data Chatbot — local variable 'SKIPPED' referenced before assignment
2025-05-29 11:25:27,939 - ERROR - [ERROR] Cannot click first NEXT button for GenAI Engineer Marketing Data Chatbot: Message: 
Stacktrace:
#0 0x55a52acb571a <unknown>
#1 0x55a52a7580a0 <unknown>
#2 0x55a52a7a99b0 <unknown>
#3 0x55a52a7a9ba1 <unknown>
#4 0x55a52a7f7ea4 <unknown>
#5 0x55a52a7cf3cd <unknown>
#6 0x55a52a7f52a0 <unknown>
#7 0x55a52a7cf173 <unknown>
#8 0x55a52a79bd4b <unknown>
#9 0x55a52a79c9b1 <unknown>
#10 0x55a52ac7a8cb <unknown>
#11 0x55a52ac7e7ca <unknown>
#12 0x55a52ac62622 <unknown>
#13 0x55a52ac7f354 <unknown>
#14 0x55a52ac4745f <unknown>
#15 0x55a52aca34f8 <unknown>
#16 0x55a52aca36d6 <unknown>
#17 0x55a52acb4586 <unknown>
#18 0x7fd7d749caa4 <unknown>
#19 0x7fd7d7529c3c <unknown>

2025-05-29 11:25:39,814 - INFO - SKIPPED (already applied): AI ML Engineer / Solution Architect - https://www.dice.com/job-detail/ca646beb-a0b9-4f59-88e2-7c31e988ad9a
2025-05-29 11:25:39,814 - WARNING - Could not check application status for AI ML Engineer / Solution Architect — local variable 'SKIPPED' referenced before assignment
2025-05-29 11:25:52,191 - ERROR - [ERROR] Cannot click first NEXT button for AI ML Engineer / Solution Architect: Message: 
Stacktrace:
#0 0x55a52acb571a <unknown>
#1 0x55a52a7580a0 <unknown>
#2 0x55a52a7a99b0 <unknown>
#3 0x55a52a7a9ba1 <unknown>
#4 0x55a52a7f7ea4 <unknown>
#5 0x55a52a7cf3cd <unknown>
#6 0x55a52a7f52a0 <unknown>
#7 0x55a52a7cf173 <unknown>
#8 0x55a52a79bd4b <unknown>
#9 0x55a52a79c9b1 <unknown>
#10 0x55a52ac7a8cb <unknown>
#11 0x55a52ac7e7ca <unknown>
#12 0x55a52ac62622 <unknown>
#13 0x55a52ac7f354 <unknown>
#14 0x55a52ac4745f <unknown>
#15 0x55a52aca34f8 <unknown>
#16 0x55a52aca36d6 <unknown>
#17 0x55a52acb4586 <unknown>
#18 0x7fd7d749caa4 <unknown>
#19 0x7fd7d7529c3c <unknown>

2025-05-29 11:26:09,815 - WARNING - Could not check application status for Project Manager with AI/ML experience. — Message: no such element: Unable to locate element: {"method":"tag name","selector":"apply-button-wc"}
  (Session info: chrome=136.0.7103.92); For documentation on this error, please visit: https://www.selenium.dev/documentation/webdriver/troubleshooting/errors#no-such-element-exception
Stacktrace:
#0 0x55a52acb571a <unknown>
#1 0x55a52a7580a0 <unknown>
#2 0x55a52a7a99b0 <unknown>
#3 0x55a52a7a9ba1 <unknown>
#4 0x55a52a7f7ea4 <unknown>
#5 0x55a52a7cf3cd <unknown>
#6 0x55a52a7f52a0 <unknown>
#7 0x55a52a7cf173 <unknown>
#8 0x55a52a79bd4b <unknown>
#9 0x55a52a79c9b1 <unknown>
#10 0x55a52ac7a8cb <unknown>
#11 0x55a52ac7e7ca <unknown>
#12 0x55a52ac62622 <unknown>
#13 0x55a52ac7f354 <unknown>
#14 0x55a52ac4745f <unknown>
#15 0x55a52aca34f8 <unknown>
#16 0x55a52aca36d6 <unknown>
#17 0x55a52acb4586 <unknown>
#18 0x7fd7d749caa4 <unknown>
#19 0x7fd7d7529c3c <unknown>

2025-05-29 11:26:15,007 - ERROR - Cannot click apply-button-wc for Project Manager with AI/ML experience.: Message: 
Stacktrace:
#0 0x55a52acb571a <unknown>
#1 0x55a52a7580a0 <unknown>
#2 0x55a52a7a99b0 <unknown>
#3 0x55a52a7a9ba1 <unknown>
#4 0x55a52a7f7ea4 <unknown>
#5 0x55a52a7cf3cd <unknown>
#6 0x55a52a7f52a0 <unknown>
#7 0x55a52a7cf173 <unknown>
#8 0x55a52a79bd4b <unknown>
#9 0x55a52a79c9b1 <unknown>
#10 0x55a52ac7a8cb <unknown>
#11 0x55a52ac7e7ca <unknown>
#12 0x55a52ac62622 <unknown>
#13 0x55a52ac7f354 <unknown>
#14 0x55a52ac4745f <unknown>
#15 0x55a52aca34f8 <unknown>
#16 0x55a52aca36d6 <unknown>
#17 0x55a52acb4586 <unknown>
#18 0x7fd7d749caa4 <unknown>
#19 0x7fd7d7529c3c <unknown>

2025-05-29 11:26:16,639 - INFO - [SUMMARY] Skipped already applied: 0
2025-05-29 11:26:16,639 - INFO - [SUMMARY] Newly applied: 1
2025-05-29 11:26:16,639 - INFO - [SUMMARY] Total processed this run: 65
2025-05-29 11:26:16,639 - INFO - [SUMMARY] Total to Apply: 1151
